Log file open, 04/10/19 01:04:22
LogWindows: Failed to load 'aqProf.dll' (GetLastError=126)
LogWindows: File 'aqProf.dll' does not exist
LogWindows: Failed to load 'VtuneApi.dll' (GetLastError=126)
LogWindows: File 'VtuneApi.dll' does not exist
LogWindows: Failed to load 'VtuneApi32e.dll' (GetLastError=126)
LogWindows: File 'VtuneApi32e.dll' does not exist
LogInit: Display: Running engine for game: FPS_Clicker
LogPlatformFile: Not using cached read wrapper
LogTaskGraph: Started task graph with 5 named threads and 14 total threads with 3 sets of task threads.
LogStats: Stats thread started at 0.268709
LogD3D11RHI: Loaded GFSDK_Aftermath_Lib.x64.dll
LogICUInternationalization: Display: ICU TimeZone Detection - Raw Offset: -5:00, Platform Override: ''
LogPluginManager: Mounting plugin Paper2D
LogPluginManager: Mounting plugin AISupport
LogPluginManager: Mounting plugin LightPropagationVolume
LogPluginManager: Mounting plugin CLionSourceCodeAccess
LogPluginManager: Mounting plugin CodeLiteSourceCodeAccess
LogPluginManager: Mounting plugin GitSourceControl
LogPluginManager: Mounting plugin KDevelopSourceCodeAccess
LogPluginManager: Mounting plugin NullSourceCodeAccess
LogPluginManager: Mounting plugin PerforceSourceControl
LogPluginManager: Mounting plugin SubversionSourceControl
LogPluginManager: Mounting plugin UObjectPlugin
LogPluginManager: Mounting plugin VisualStudioCodeSourceCodeAccess
LogPluginManager: Mounting plugin VisualStudioSourceCodeAccess
LogPluginManager: Mounting plugin XCodeSourceCodeAccess
LogPluginManager: Mounting plugin AssetManagerEditor
LogPluginManager: Mounting plugin CryptoKeys
LogPluginManager: Mounting plugin DataValidation
LogPluginManager: Mounting plugin FacialAnimation
LogPluginManager: Mounting plugin GameplayTagsEditor
LogPluginManager: Mounting plugin MacGraphicsSwitching
LogPluginManager: Mounting plugin MeshEditor
LogPluginManager: Mounting plugin MobileLauncherProfileWizard
LogPluginManager: Mounting plugin PluginBrowser
LogPluginManager: Mounting plugin SpeedTreeImporter
LogPluginManager: Mounting plugin DatasmithContent
LogPluginManager: Mounting plugin AlembicImporter
LogPluginManager: Mounting plugin AppleImageUtils
LogPluginManager: Mounting plugin AppleVision
LogPluginManager: Mounting plugin BackChannel
LogPluginManager: Mounting plugin CharacterAI
LogPluginManager: Mounting plugin GeometryCache
LogPluginManager: Mounting plugin HTML5Networking
LogPluginManager: Mounting plugin ProxyLODPlugin
LogPluginManager: Mounting plugin MagicLeap
LogPluginManager: Mounting plugin MagicLeapEmulator
LogPluginManager: Mounting plugin MagicLeapMedia
LogPluginManager: Mounting plugin AndroidMedia
LogPluginManager: Mounting plugin AvfMedia
LogPluginManager: Mounting plugin ImgMedia
LogPluginManager: Mounting plugin LinearTimecode
LogPluginManager: Mounting plugin MediaCompositing
LogPluginManager: Mounting plugin MediaPlayerEditor
LogPluginManager: Mounting plugin WmfMedia
LogPluginManager: Mounting plugin TcpMessaging
LogPluginManager: Mounting plugin UdpMessaging
LogPluginManager: Mounting plugin ActorSequence
LogPluginManager: Mounting plugin LevelSequenceEditor
LogPluginManager: Mounting plugin MatineeToLevelSequence
LogPluginManager: Mounting plugin NetcodeUnitTest
LogPluginManager: Mounting plugin NUTUnrealEngine4
LogPluginManager: Mounting plugin OnlineSubsystemGooglePlay
LogPluginManager: Mounting plugin OnlineSubsystemIOS
LogPluginManager: Mounting plugin OnlineSubsystem
LogPluginManager: Mounting plugin OnlineSubsystemNull
LogPluginManager: Mounting plugin OnlineSubsystemUtils
LogPluginManager: Mounting plugin LauncherChunkInstaller
LogPluginManager: Mounting plugin AndroidDeviceProfileSelector
LogPluginManager: Mounting plugin AndroidMoviePlayer
LogPluginManager: Mounting plugin AndroidPermission
LogPluginManager: Mounting plugin AppleMoviePlayer
LogPluginManager: Mounting plugin ArchVisCharacter
LogPluginManager: Mounting plugin AudioCapture
LogPluginManager: Mounting plugin CableComponent
LogPluginManager: Mounting plugin CustomMeshComponent
LogPluginManager: Mounting plugin EditableMesh
LogPluginManager: Mounting plugin ExampleDeviceProfileSelector
LogPluginManager: Mounting plugin GoogleCloudMessaging
LogPluginManager: Mounting plugin ImmediatePhysics
LogPluginManager: Mounting plugin IOSDeviceProfileSelector
LogPluginManager: Mounting plugin LinuxDeviceProfileSelector
LogPluginManager: Mounting plugin LocationServicesBPLibrary
LogPluginManager: Mounting plugin MobilePatchingUtils
LogPluginManager: Mounting plugin OculusVR
LogPluginManager: Plugin shader directory ../../../Engine/Plugins/Runtime/Oculus/OculusVR/Shaders found
LogPluginManager: Mapping shader source directory ../../../Engine/Plugins/Runtime/Oculus/OculusVR/Shaders to virtual directory /Plugin/OculusVR
LogPluginManager: Mounting plugin PhysXVehicles
LogPluginManager: Mounting plugin ProceduralMeshComponent
LogPluginManager: Mounting plugin RuntimePhysXCooking
LogPluginManager: Mounting plugin SteamVR
LogPluginManager: Mounting plugin WindowsMoviePlayer
LogStreaming: Display: Took  0.411s to configure plugins.
LogInit: Using libcurl 7.55.1-DEV
LogInit:  - built for x86_64-pc-win32
LogInit:  - supports SSL with OpenSSL/1.0.2h
LogInit:  - supports HTTP deflate (compression) using libz 1.2.8
LogInit:  - other features:
LogInit:      CURL_VERSION_SSL
LogInit:      CURL_VERSION_LIBZ
LogInit:      CURL_VERSION_IPV6
LogInit:      CURL_VERSION_ASYNCHDNS
LogInit:      CURL_VERSION_LARGEFILE
LogInit:      CURL_VERSION_IDN
LogInit:  CurlRequestOptions (configurable via config and command line):
LogInit:  - bVerifyPeer = false  - Libcurl will NOT verify peer certificate
LogInit:  - bUseHttpProxy = false  - Libcurl will NOT use HTTP proxy
LogInit:  - bDontReuseConnections = false  - Libcurl will reuse connections
LogInit:  - CertBundlePath = nullptr  - Libcurl will use whatever was configured at build time.
LogInit:  - MaxHostConnections = 16  - Libcurl will limit the number of connections to a host
LogInit:  - LocalHostAddr = Default
LogInit:  - BufferSize = 65536
LogInit: WinSock: version 1.1 (2.2), MaxSocks=32767, MaxUdp=65467
LogInit: Build: ++UE4+Release-4.20-CL-4369336
LogInit: Engine Version: 4.20.3-4369336+++UE4+Release-4.20
LogInit: Compatible Engine Version: 4.20.0-4212847+++UE4+Release-4.20
LogInit: Net CL: 4212847
LogInit: OS: Windows 10 (), CPU: Intel(R) Core(TM) i5-4460  CPU @ 3.20GHz, GPU: NVIDIA GeForce GTX 1070
LogInit: Compiled (64-bit): Sep 17 2018 12:26:19
LogInit: Compiled with Visual C++: 19.13.26129.00
LogInit: Build Configuration: Development
LogInit: Branch Name: ++UE4+Release-4.20
LogInit: Command Line:  
LogInit: Base Directory: D:/Program Files/UE_4.20/Engine/Binaries/Win64/
LogInit: Installed Engine Build: 1
LogDevObjectVersion: Number of dev versions registered: 20
LogDevObjectVersion:   Dev-Blueprints (B0D832E4-1F89-4F0D-ACCF-7EB736FD4AA2): 10
LogDevObjectVersion:   Dev-Build (E1C64328-A22C-4D53-A36C-8E866417BD8C): 0
LogDevObjectVersion:   Dev-Core (375EC13C-06E4-48FB-B500-84F0262A717E): 2
LogDevObjectVersion:   Dev-Editor (E4B068ED-F494-42E9-A231-DA0B2E46BB41): 24
LogDevObjectVersion:   Dev-Framework (CFFC743F-43B0-4480-9391-14DF171D2073): 34
LogDevObjectVersion:   Dev-Mobile (B02B49B5-BB20-44E9-A304-32B752E40360): 2
LogDevObjectVersion:   Dev-Networking (A4E4105C-59A1-49B5-A7C5-40C4547EDFEE): 0
LogDevObjectVersion:   Dev-Online (39C831C9-5AE6-47DC-9A44-9C173E1C8E7C): 0
LogDevObjectVersion:   Dev-Physics (78F01B33-EBEA-4F98-B9B4-84EACCB95AA2): 0
LogDevObjectVersion:   Dev-Platform (6631380F-2D4D-43E0-8009-CF276956A95A): 0
LogDevObjectVersion:   Dev-Rendering (12F88B9F-8875-4AFC-A67C-D90C383ABD29): 26
LogDevObjectVersion:   Dev-Sequencer (7B5AE74C-D270-4C10-A958-57980B212A5A): 9
LogDevObjectVersion:   Dev-VR (D7296918-1DD6-4BDD-9DE2-64A83CC13884): 2
LogDevObjectVersion:   Dev-LoadTimes (C2A15278-BFE7-4AFE-6C17-90FF531DF755): 1
LogDevObjectVersion:   Private-Geometry (6EACA3D4-40EC-4CC1-B786-8BED09428FC5): 3
LogDevObjectVersion:   Dev-AnimPhys (29E575DD-E0A3-4627-9D10-D276232CDCEA): 17
LogDevObjectVersion:   Dev-ReflectionCapture (6B266CEC-1EC7-4B8F-A30B-E4D90942FC07): 1
LogDevObjectVersion:   Dev-Automation (0DF73D61-A23F-47EA-B727-89E90C41499A): 1
LogDevObjectVersion:   FortniteMain (601D1886-AC64-4F84-AA16-D3DE0DEAC7D6): 12
LogDevObjectVersion:   Dev-Enterprise (9DFFBCD6-494F-0158-E221-12823C92A888): 1
LogStreaming: Display: Took  0.003s to delete old logs.
LogInit: Presizing for max 8388607 objects, including 0 objects not considered by GC, pre-allocating 0 bytes for permanent pool.
LogInit: Object subsystem initialized
[2019.04.10-05.04.23:419][  0]LogInit: Selected Device Profile: [Windows]
[2019.04.10-05.04.23:419][  0]LogInit: Applying CVar settings loaded from the selected device profile: [Windows]
[2019.04.10-05.04.23:434][  0]LogHAL: Display: Platform has ~ 24 GB [25649405952 / 34359738368 / 24], which maps to Larger [LargestMinGB=32, LargerMinGB=12, DefaultMinGB=8, SmallerMinGB=6, SmallestMinGB=0)
[2019.04.10-05.04.23:434][  0]LogInit: Setting Device Profile CVar: [[r.Vulkan.UseRealUBs:1]]
[2019.04.10-05.04.23:434][  0]LogInit: Going up to parent DeviceProfile []
[2019.04.10-05.04.23:435][  0]LogInit: Computer: KRISPY
[2019.04.10-05.04.23:435][  0]LogInit: User: Kris
[2019.04.10-05.04.23:435][  0]LogInit: CPU Page size=4096, Cores=4
[2019.04.10-05.04.23:435][  0]LogInit: High frequency timer resolution =3.124091 MHz
[2019.04.10-05.04.23:435][  0]LogMemory: Memory total: Physical=23.9GB (24GB approx)
[2019.04.10-05.04.23:435][  0]LogMemory: Platform Memory Stats for Windows
[2019.04.10-05.04.23:435][  0]LogMemory: Process Physical Memory: 100.72 MB used, 100.72 MB peak
[2019.04.10-05.04.23:435][  0]LogMemory: Process Virtual Memory: 84.60 MB used, 84.60 MB peak
[2019.04.10-05.04.23:436][  0]LogMemory: Physical Memory: 9461.11 MB used,  15000.07 MB free, 24461.18 MB total
[2019.04.10-05.04.23:436][  0]LogMemory: Virtual Memory: 4626.22 MB used,  15000.07 MB free, 134217728.00 MB total
[2019.04.10-05.04.23:795][  0]LogInit: Using OS detected language (en-US).
[2019.04.10-05.04.23:795][  0]LogInit: Using OS detected locale (en-US).
[2019.04.10-05.04.23:798][  0]LogTextLocalizationManager: No specific localization for 'en-US' exists, so the 'en' localization will be used.
[2019.04.10-05.04.24:265][  0]LogStreaming: Display: Took  0.470s to InitEngineTextLocalization.
[2019.04.10-05.04.24:266][  0]LogInit: Setting process to per monitor DPI aware
[2019.04.10-05.04.24:348][  0]LogSlate: New Slate User Created.  User Index 0, Is Virtual User: 0
[2019.04.10-05.04.24:348][  0]LogSlate: Slate User Registered.  User Index 0, Is Virtual User: 0
[2019.04.10-05.04.25:018][  0]LogHMD: Failed to initialize OpenVR with code 126
[2019.04.10-05.04.25:018][  0]LogD3D11RHI: D3D11 adapters:
[2019.04.10-05.04.25:123][  0]LogD3D11RHI:    0. 'NVIDIA GeForce GTX 1070' (Feature Level 11_0)
[2019.04.10-05.04.25:123][  0]LogD3D11RHI:       8088/0/12230 MB DedicatedVideo/DedicatedSystem/SharedSystem, Outputs:1, VendorId:0x10de
[2019.04.10-05.04.25:152][  0]LogD3D11RHI:    1. 'Intel(R) HD Graphics 4600' (Feature Level 11_0)
[2019.04.10-05.04.25:152][  0]LogD3D11RHI:       112/0/2048 MB DedicatedVideo/DedicatedSystem/SharedSystem, Outputs:0, VendorId:0x8086
[2019.04.10-05.04.25:171][  0]LogD3D11RHI:    2. 'Microsoft Basic Render Driver' (Feature Level 11_0)
[2019.04.10-05.04.25:171][  0]LogD3D11RHI:       0/0/12230 MB DedicatedVideo/DedicatedSystem/SharedSystem, Outputs:0, VendorId:0x1414
[2019.04.10-05.04.25:171][  0]LogD3D11RHI: Chosen D3D11 Adapter: 0
[2019.04.10-05.04.25:184][  0]LogD3D11RHI: Creating new Direct3DDevice
[2019.04.10-05.04.25:184][  0]LogD3D11RHI:     GPU DeviceId: 0x1b81 (for the marketing name, search the web for "GPU Device Id")
[2019.04.10-05.04.25:184][  0]LogWindows: EnumDisplayDevices:
[2019.04.10-05.04.25:185][  0]LogWindows:    0. 'NVIDIA GeForce GTX 1070' (P:1 D:1)
[2019.04.10-05.04.25:185][  0]LogWindows:    1. 'NVIDIA GeForce GTX 1070' (P:0 D:0)
[2019.04.10-05.04.25:185][  0]LogWindows:    2. 'NVIDIA GeForce GTX 1070' (P:0 D:0)
[2019.04.10-05.04.25:186][  0]LogWindows:    3. 'NVIDIA GeForce GTX 1070' (P:0 D:0)
[2019.04.10-05.04.25:186][  0]LogWindows:    4. 'Intel(R) HD Graphics 4600' (P:0 D:0)
[2019.04.10-05.04.25:187][  0]LogWindows:    5. 'Intel(R) HD Graphics 4600' (P:0 D:0)
[2019.04.10-05.04.25:187][  0]LogWindows:    6. 'Intel(R) HD Graphics 4600' (P:0 D:0)
[2019.04.10-05.04.25:187][  0]LogWindows: DebugString: PrimaryIsNotTheChoosenAdapter PrimaryIsNotTheChoosenAdapter PrimaryIsNotTheChoosenAdapter FoundDriverCount:4 
[2019.04.10-05.04.25:187][  0]LogD3D11RHI:     Adapter Name: NVIDIA GeForce GTX 1070
[2019.04.10-05.04.25:187][  0]LogD3D11RHI:   Driver Version: 418.81 (internal:25.21.14.1881, unified:418.81)
[2019.04.10-05.04.25:187][  0]LogD3D11RHI:      Driver Date: 1-30-2019
[2019.04.10-05.04.25:188][  0]LogRHI: Texture pool is 5661 MB (70% of 8088 MB)
[2019.04.10-05.04.25:262][  0]LogD3D11RHI: Async texture creation enabled
[2019.04.10-05.04.25:290][  0]LogD3D11RHI: GPU Timing Frequency: 1000.000000 (Debug: 2 1)
[2019.04.10-05.04.25:293][  0]LogShaderCompilers: Guid format shader working directory is -56 characters bigger than the processId version (../../../../../Users/Kris/OneDrive - Marshall University/CIT 441 (Game Dev 2)/FPS_Clicker/FPS_Clicker/Intermediate/Shaders/WorkingDirectory/6276/).
[2019.04.10-05.04.25:293][  0]LogShaderCompilers: Cleaned the shader compiler working directory 'C:/Users/Kris/AppData/Local/Temp/UnrealShaderWorkingDir/6FD94CA24220F03D4A0892A8BFB4DA5D/'.
[2019.04.10-05.04.31:338][  0]LogTemp: Display: Loaded TP AllDesktopTargetPlatform
[2019.04.10-05.04.31:379][  0]LogTemp: Display: Loaded TP MacClientTargetPlatform
[2019.04.10-05.04.31:420][  0]LogTemp: Display: Loaded TP MacNoEditorTargetPlatform
[2019.04.10-05.04.31:465][  0]LogTemp: Display: Loaded TP MacServerTargetPlatform
[2019.04.10-05.04.31:518][  0]LogTemp: Display: Loaded TP MacTargetPlatform
[2019.04.10-05.04.31:574][  0]LogTemp: Display: Loaded TP WindowsClientTargetPlatform
[2019.04.10-05.04.31:618][  0]LogTemp: Display: Loaded TP WindowsNoEditorTargetPlatform
[2019.04.10-05.04.31:663][  0]LogTemp: Display: Loaded TP WindowsServerTargetPlatform
[2019.04.10-05.04.31:697][  0]LogTemp: Display: Loaded TP WindowsTargetPlatform
[2019.04.10-05.04.31:836][  0]LogTemp: Display: Loaded TP AndroidTargetPlatform
[2019.04.10-05.04.31:836][  0]LogTemp: Display: Loaded TP AndroidTargetPlatform
[2019.04.10-05.04.31:836][  0]LogTemp: Display: Loaded TP AndroidTargetPlatform
[2019.04.10-05.04.31:836][  0]LogTemp: Display: Loaded TP AndroidTargetPlatform
[2019.04.10-05.04.31:836][  0]LogTemp: Display: Loaded TP AndroidTargetPlatform
[2019.04.10-05.04.31:836][  0]LogTemp: Display: Loaded TP AndroidTargetPlatform
[2019.04.10-05.04.31:836][  0]LogTemp: Display: Loaded TP AndroidTargetPlatform
[2019.04.10-05.04.31:836][  0]LogTemp: Display: Loaded TP AndroidTargetPlatform
[2019.04.10-05.04.31:836][  0]LogTemp: Display: Loaded TP AndroidTargetPlatform
[2019.04.10-05.04.31:836][  0]LogTemp: Display: Loaded TP AndroidTargetPlatform
[2019.04.10-05.04.31:836][  0]LogTemp: Display: Loaded TP AndroidTargetPlatform
[2019.04.10-05.04.31:836][  0]LogTemp: Display: Loaded TP AndroidTargetPlatform
[2019.04.10-05.04.31:836][  0]LogTemp: Display: Loaded TP AndroidTargetPlatform
[2019.04.10-05.04.31:836][  0]LogTemp: Display: Loaded TP AndroidTargetPlatform
[2019.04.10-05.04.31:836][  0]LogTemp: Display: Loaded TP AndroidTargetPlatform
[2019.04.10-05.04.31:836][  0]LogTemp: Display: Loaded TP AndroidTargetPlatform
[2019.04.10-05.04.31:836][  0]LogTemp: Display: Loaded TP AndroidTargetPlatform
[2019.04.10-05.04.31:836][  0]LogTemp: Display: Loaded TP AndroidTargetPlatform
[2019.04.10-05.04.31:860][  0]LogTemp: Display: Loaded TP HTML5TargetPlatform
[2019.04.10-05.04.31:979][  0]LogTemp: Display: Loaded TP IOSTargetPlatform
[2019.04.10-05.04.31:979][  0]LogTemp: Display: Loaded TP IOSTargetPlatform
[2019.04.10-05.04.32:022][  0]LogTemp: Display: Loaded TP TVOSTargetPlatform
[2019.04.10-05.04.32:022][  0]LogTemp: Display: Loaded TP TVOSTargetPlatform
[2019.04.10-05.04.32:054][  0]LogTemp: Display: Loaded TP LinuxClientTargetPlatform
[2019.04.10-05.04.32:092][  0]LogTemp: Display: Loaded TP LinuxNoEditorTargetPlatform
[2019.04.10-05.04.32:132][  0]LogTemp: Display: Loaded TP LinuxServerTargetPlatform
[2019.04.10-05.04.32:172][  0]LogTemp: Display: Loaded TP LinuxTargetPlatform
[2019.04.10-05.04.32:206][  0]LogTemp: Display: Loaded TP LuminTargetPlatform
[2019.04.10-05.04.32:207][  0]LogTargetPlatformManager: Display: Building Assets For Windows
[2019.04.10-05.04.33:118][  0]LogXGEController: Cannot use XGE Controller as Incredibuild is not installed on this machine.
[2019.04.10-05.04.33:118][  0]LogShaderCompilers: Cannot use XGE Shader Compiler as Incredibuild is not installed on this machine.
[2019.04.10-05.04.33:118][  0]LogShaderCompilers: Display: Using Local Shader Compiler.
[2019.04.10-05.04.34:408][  0]LogDerivedDataCache: Display: Max Cache Size: 512 MB
[2019.04.10-05.04.34:496][  0]LogDerivedDataCache: Loaded boot cache 0.09s 71MB C:/Users/Kris/AppData/Local/UnrealEngine/4.20/DerivedDataCache/Boot.ddc.
[2019.04.10-05.04.34:497][  0]LogDerivedDataCache: Display: Loaded Boot cache: C:/Users/Kris/AppData/Local/UnrealEngine/4.20/DerivedDataCache/Boot.ddc
[2019.04.10-05.04.34:497][  0]LogDerivedDataCache: FDerivedDataBackendGraph:  Pak pak cache file ../../../../../Users/Kris/OneDrive - Marshall University/CIT 441 (Game Dev 2)/FPS_Clicker/FPS_Clicker/DerivedDataCache/DDC.ddp not found, will not use a pak cache.
[2019.04.10-05.04.34:498][  0]LogDerivedDataCache: Unable to find inner node Pak for hierarchical cache Hierarchy.
[2019.04.10-05.04.34:498][  0]LogDerivedDataCache: FDerivedDataBackendGraph:  CompressedPak pak cache file ../../../../../Users/Kris/OneDrive - Marshall University/CIT 441 (Game Dev 2)/FPS_Clicker/FPS_Clicker/DerivedDataCache/Compressed.ddp not found, will not use a pak cache.
[2019.04.10-05.04.34:498][  0]LogDerivedDataCache: Unable to find inner node CompressedPak for hierarchical cache Hierarchy.
[2019.04.10-05.04.34:516][  0]LogDerivedDataCache: Display: Pak cache opened for reading ../../../Engine/DerivedDataCache/Compressed.ddp.
[2019.04.10-05.04.34:530][  0]LogDerivedDataCache: Using Local data cache path C:/Users/Kris/AppData/Local/UnrealEngine/Common/DerivedDataCache: Writable
[2019.04.10-05.04.34:530][  0]LogDerivedDataCache: Shared data cache path not found in *engine.ini, will not use an Shared cache.
[2019.04.10-05.04.34:530][  0]LogDerivedDataCache: Unable to find inner node Shared for hierarchical cache Hierarchy.
[2019.04.10-05.04.34:553][  0]LogMaterial: Verifying Global Shaders for PCD3D_SM5
[2019.04.10-05.04.34:555][  0]LogSlate: Using FreeType 2.6.0
[2019.04.10-05.04.34:556][  0]LogSlate: SlateFontServices - WITH_FREETYPE: 1, WITH_HARFBUZZ: 1
[2019.04.10-05.04.34:675][  0]LogAssetRegistry: FAssetRegistry took 0.0284 seconds to start up
[2019.04.10-05.04.35:162][  0]LogInit: Selected Device Profile: [Windows]
[2019.04.10-05.04.35:433][  0]LogSimplygon: Simplygon DLL not present - disabling.
[2019.04.10-05.04.35:456][  0]LogMeshReduction: Using SimplygonSwarm for distributed automatic mesh merging
[2019.04.10-05.04.35:456][  0]LogMeshReduction: Using ProxyLODMeshReduction for automatic mesh merging
[2019.04.10-05.04.35:456][  0]LogMeshReduction: Using QuadricMeshReduction for automatic static mesh reduction
[2019.04.10-05.04.35:456][  0]LogMeshReduction: No automatic skeletal mesh reduction module available
[2019.04.10-05.04.35:476][  0]LogNetVersion: FPS_Clicker 1.0.0, NetCL: 4212847, EngineNetVer: 5, GameNetVer: 0 (Checksum: 2913602833)
[2019.04.10-05.04.36:316][  0]LogPackageLocalizationCache: Processed 11 localized package path(s) for 2 prioritized culture(s) in 0.193775 seconds
[2019.04.10-05.04.36:324][  0]LogUObjectArray: 38425 objects as part of root set at end of initial load.
[2019.04.10-05.04.36:324][  0]LogUObjectAllocator: 6690872 out of 0 bytes used by permanent object pool.
[2019.04.10-05.04.36:324][  0]LogUObjectArray: CloseDisregardForGC: 0/0 objects in disregard for GC pool
[2019.04.10-05.04.38:403][  0]LogTcpMessaging: Initializing TcpMessaging bridge
[2019.04.10-05.04.38:439][  0]LogUdpMessaging: Initializing bridge on interface 0.0.0.0:0 to multicast group 230.0.0.1:6666.
[2019.04.10-05.04.38:912][  0]SourceControl: Source control is disabled
[2019.04.10-05.04.38:912][  0]SourceControl: Source control is disabled
[2019.04.10-05.04.38:925][  0]SourceControl: Source control is disabled
[2019.04.10-05.04.38:934][  0]SourceControl: Source control is disabled
[2019.04.10-05.04.39:685][  0]LogAndroidPermission: UAndroidPermissionCallbackProxy::GetInstance
[2019.04.10-05.04.39:917][  0]LogOcInput: OculusInput pre-init called
[2019.04.10-05.04.40:105][  0]LogEngine: Initializing Engine...
[2019.04.10-05.04.40:163][  0]LogHMD: Failed to initialize OpenVR with code 126
[2019.04.10-05.04.40:164][  0]LogStats: UGameplayTagsManager::ConstructGameplayTagTree: ImportINI prefixes -  0.000 s
[2019.04.10-05.04.40:164][  0]LogStats: UGameplayTagsManager::ConstructGameplayTagTree: Construct from data asset -  0.000 s
[2019.04.10-05.04.40:165][  0]LogStats: UGameplayTagsManager::ConstructGameplayTagTree: ImportINI -  0.000 s
[2019.04.10-05.04.40:165][  0]LogStats: UGameplayTagsManager::ConstructGameplayTagTree: GameplayTagTreeChangedEvent.Broadcast -  0.000 s
[2019.04.10-05.04.40:426][  0]LogInit: Initializing FReadOnlyCVARCache
[2019.04.10-05.04.40:479][  0]LogAIModule: Creating AISystem for world Untitled
[2019.04.10-05.04.40:554][  0]LogInit: XAudio2 using 'Headset Earphone (HyperX Virtual Surround Sound)' : 2 channels at 44.1 kHz using 16 bits per sample (channel mask 0x3)
[2019.04.10-05.04.40:577][  0]LogInit: FAudioDevice initialized.
[2019.04.10-05.04.40:577][  0]LogNetVersion: Set ProjectVersion to 1.0.0.0. Version Checksum will be recalculated on next use.
[2019.04.10-05.04.40:755][  0]LogDerivedDataCache: Saved boot cache 0.18s 71MB C:/Users/Kris/AppData/Local/UnrealEngine/4.20/DerivedDataCache/Boot.ddc.
[2019.04.10-05.04.40:773][  0]LogInit: Texture streaming: Enabled
[2019.04.10-05.04.40:894][  0]LogEngineSessionManager: EngineSessionManager initialized
[2019.04.10-05.04.40:956][  0]LogInit: Transaction tracking system initialized
[2019.04.10-05.04.41:131][  0]BlueprintLog: New page: Editor Load
[2019.04.10-05.04.41:785][  0]LocalizationService: Localization service is disabled
[2019.04.10-05.04.42:569][  0]LogCook: Display: Max memory allowance for cook 16384mb min free memory 0mb
[2019.04.10-05.04.42:569][  0]LogCook: Display: Mobile HDR setting 1
[2019.04.10-05.04.42:569][  0]LogGameplayTags: Display: UGameplayTagsManager::DoneAddingNativeTags. DelegateIsBound: 0
[2019.04.10-05.04.42:569][  0]LogStats: UGameplayTagsManager::ConstructGameplayTagTree: ImportINI prefixes -  0.000 s
[2019.04.10-05.04.42:569][  0]LogStats: UGameplayTagsManager::ConstructGameplayTagTree: Construct from data asset -  0.000 s
[2019.04.10-05.04.42:570][  0]LogStats: UGameplayTagsManager::ConstructGameplayTagTree: ImportINI -  0.000 s
[2019.04.10-05.04.42:570][  0]LogStats: UGameplayTagsManager::ConstructGameplayTagTree: GameplayTagTreeChangedEvent.Broadcast -  0.000 s
[2019.04.10-05.04.43:141][  0]LogFileCache: Scanning file cache for directory 'D:/Users/Kris/OneDrive - Marshall University/CIT 441 (Game Dev 2)/FPS_Clicker/FPS_Clicker/Content/' took 0.03s
[2019.04.10-05.04.43:141][  0]SourceControl: Source control is disabled
[2019.04.10-05.04.43:141][  0]Cmd: MAP LOAD FILE="../../../Engine/Content/Maps/Templates/Template_Default.umap" TEMPLATE=1 SHOWPROGRESS=1 FEATURELEVEL=3
[2019.04.10-05.04.43:142][  0]LightingResults: New page: Lighting Build
[2019.04.10-05.04.43:146][  0]MapCheck: New page: Map Check
[2019.04.10-05.04.43:146][  0]LightingResults: New page: Lighting Build
[2019.04.10-05.04.43:401][  0]LogAIModule: Creating AISystem for world Untitled_1
[2019.04.10-05.04.43:414][  0]LogEditorServer: Finished looking for orphan Actors (0.000 secs)
[2019.04.10-05.04.43:439][  0]Cmd: MAP CHECKDEP NOCLEARLOG
[2019.04.10-05.04.43:749][  0]MapCheck: Map check complete: 0 Error(s), 0 Warning(s), took 310.223ms to complete.
[2019.04.10-05.04.43:749][  0]LogFileHelpers: Loading map 'Template_Default' took 0.608
[2019.04.10-05.04.43:863][  0]LogSlate: Updating window title bar state: overlay mode, drag disabled, window buttons hidden, title bar hidden
[2019.04.10-05.04.43:872][  0]LogSlate: Updating window title bar state: overlay mode, drag disabled, window buttons hidden, title bar hidden
[2019.04.10-05.04.43:881][  0]LogSlate: Updating window title bar state: overlay mode, drag disabled, window buttons hidden, title bar hidden
[2019.04.10-05.04.43:890][  0]LogSlate: Updating window title bar state: overlay mode, drag disabled, window buttons hidden, title bar hidden
[2019.04.10-05.04.43:924][  0]LogCollectionManager: Loaded 0 collections in 0.002892 seconds
[2019.04.10-05.04.43:979][  0]LogFileCache: Scanning file cache for directory 'D:/Users/Kris/OneDrive - Marshall University/CIT 441 (Game Dev 2)/FPS_Clicker/FPS_Clicker/Saved/Collections/' took 0.01s
[2019.04.10-05.04.43:979][  0]LogFileCache: Scanning file cache for directory 'D:/Users/Kris/OneDrive - Marshall University/CIT 441 (Game Dev 2)/FPS_Clicker/FPS_Clicker/Content/Developers/Kris/Collections/' took 0.01s
[2019.04.10-05.04.43:979][  0]LogFileCache: Scanning file cache for directory 'D:/Users/Kris/OneDrive - Marshall University/CIT 441 (Game Dev 2)/FPS_Clicker/FPS_Clicker/Content/Collections/' took 0.01s
[2019.04.10-05.04.43:979][  0]LogCollectionManager: Rebuilt the GUID cache for 0 collections in 0.000000 seconds
[2019.04.10-05.04.43:990][  0]LogContentBrowser: Native class hierarchy populated in 0.0106 seconds. Added 2572 classes and 603 folders.
[2019.04.10-05.04.44:015][  0]LogContentBrowser: Native class hierarchy updated for 'WidgetCarousel' in 0.0005 seconds. Added 0 classes and 0 folders.
[2019.04.10-05.04.44:156][  0]LogContentBrowser: Native class hierarchy updated for 'AddContentDialog' in 0.0004 seconds. Added 0 classes and 0 folders.
[2019.04.10-05.04.44:172][  0]LogContentBrowser: Native class hierarchy updated for 'SceneOutliner' in 0.0005 seconds. Added 1 classes and 2 folders.
[2019.04.10-05.04.46:053][  0]LogSlate: Only BGRA pngs, bmps or icos are supported in by External Image Picker
[2019.04.10-05.04.46:114][  0]LogSlate: Took 0.000533 seconds to synchronously load lazily loaded font '../../../Engine/Content/Slate/Fonts/Roboto-Regular.ttf' (155K)
[2019.04.10-05.04.46:117][  0]LogSlate: Took 0.000574 seconds to synchronously load lazily loaded font '../../../Engine/Content/Slate/Fonts/Roboto-Bold.ttf' (160K)
[2019.04.10-05.04.46:123][  0]LogSlate: Took 0.000398 seconds to synchronously load lazily loaded font '../../../Engine/Content/Editor/Slate/Fonts/FontAwesome.ttf' (139K)
[2019.04.10-05.04.46:243][  0]LogRenderer: Reallocating scene render targets to support 1208x576 Format 10 NumSamples 1 (Frame:1).
[2019.04.10-05.04.46:371][  0]LogTemp: Executing iPhonePackager certificates Engine -bundlename com.YourCompany.FPSClicker
[2019.04.10-05.04.46:371][  0]LogTemp: CWD: D:\Program Files\UE_4.20\Engine\Binaries\DotNET\IOS
[2019.04.10-05.04.46:371][  0]LogTemp: Initial Dir: D:\Program Files\UE_4.20
[2019.04.10-05.04.46:371][  0]LogTemp: Env CWD: D:\Program Files\UE_4.20\Engine\Binaries\DotNET\IOS
[2019.04.10-05.04.46:371][  0]LogTemp: BranchPath = KRISPY/D/Program Files/UE_4.20/Engine/Binaries --- GameBranchPath = KRISPY/D/Program Files/UE_4.20/Engine/Binaries
[2019.04.10-05.04.46:371][  0]LogTemp: IPP ERROR: Could not find provision directory 'C:\Users\Kris\AppData\Local/Apple Computer/MobileDevice/Provisioning Profiles/'.
[2019.04.10-05.04.46:410][  0]LogContentBrowser: Native class hierarchy updated for 'HierarchicalLODOutliner' in 0.0004 seconds. Added 0 classes and 0 folders.
[2019.04.10-05.04.46:410][  0]LogLoad: (Engine Initialization) Total time: 27.07 seconds
[2019.04.10-05.04.46:410][  0]LogLoad: (Engine Initialization) Total Blueprint compile time: 0.00 seconds
[2019.04.10-05.04.46:466][  0]LogContentStreaming: Texture pool size now 1000 MB
[2019.04.10-05.04.46:527][  1]LogFileCache: Retrieving MD5 hashes for directory 'D:/Users/Kris/OneDrive - Marshall University/CIT 441 (Game Dev 2)/FPS_Clicker/FPS_Clicker/Content/' took 0.09s
[2019.04.10-05.04.46:546][  1]LogAssetRegistry: Asset discovery search completed in 11.8943 seconds
[2019.04.10-05.04.46:549][  1]LogCollectionManager: Rebuilt the object cache for 0 collections in 0.000000 seconds (found 0 objects)
[2019.04.10-05.04.46:549][  1]LogCollectionManager: Fixed up redirectors for 0 collections in 0.000081 seconds (updated 0 objects)
[2019.04.10-05.04.49:563][ 10]LogSlate: Took 0.000353 seconds to synchronously load lazily loaded font '../../../Engine/Content/Slate/Fonts/Roboto-Light.ttf' (167K)
[2019.04.10-05.06.00:242][521]LogSlate: FSceneViewport::OnFocusLost() reason 0
[2019.04.10-05.06.00:324][530]LogSlate: Window 'Message Log' being destroyed
[2019.04.10-05.06.00:329][530]LogSlate: Window 'Message Log' being destroyed
[2019.04.10-05.06.06:168][212]LogSlate: FSceneViewport::OnFocusLost() reason 0
[2019.04.10-05.06.06:280][223]AssetReimport: New page: Outstanding source content changes 9:06:06 PM
[2019.04.10-05.06.06:283][223]LogFactory: FactoryCreateFile: StaticMesh with FbxFactory (0 0 D:/Users/Kris/OneDrive - Marshall University/CIT 441 (Game Dev 2)/FPS_Clicker/FPS_Clicker/Content/GunStuff/Glock_17.FBX)
[2019.04.10-05.06.06:299][223]LogFbx: Loading FBX Scene from D:/Users/Kris/OneDrive - Marshall University/CIT 441 (Game Dev 2)/FPS_Clicker/FPS_Clicker/Content/GunStuff/Glock_17.FBX
[2019.04.10-05.06.06:322][223]LogFbx: FBX Scene Loaded Succesfully
[2019.04.10-05.06.07:762][223]LogSlate: Window 'FBX Import Options' being destroyed
[2019.04.10-05.06.07:811][223]LogFbx: =================================================
[2019.04.10-05.06.07:811][223]LogFbx: Dumping Node START [frame] 
[2019.04.10-05.06.07:811][223]LogFbx: 	Total Deformer Count -1130841888.
[2019.04.10-05.06.07:811][223]LogFbx: 	Attribute () Type (4).
[2019.04.10-05.06.07:811][223]LogFbx: 		[Node Attribute Child 1] frame (Type Mesh).
[2019.04.10-05.06.07:811][223]LogFbx: Dumping Node END [frame]
[2019.04.10-05.06.07:811][223]LogFbx: =================================================
[2019.04.10-05.06.07:811][223]LogFbx: Dumping Node START [trigger] 
[2019.04.10-05.06.07:811][223]LogFbx: 	Total Deformer Count -644804864.
[2019.04.10-05.06.07:811][223]LogFbx: 	Attribute () Type (4).
[2019.04.10-05.06.07:811][223]LogFbx: 		[Node Attribute Child 1] trigger (Type Mesh).
[2019.04.10-05.06.07:811][223]LogFbx: Dumping Node END [trigger]
[2019.04.10-05.06.07:811][223]LogFbx: =================================================
[2019.04.10-05.06.07:811][223]LogFbx: Dumping Node START [slide] 
[2019.04.10-05.06.07:811][223]LogFbx: 	Total Deformer Count -1130841888.
[2019.04.10-05.06.07:811][223]LogFbx: 	Attribute () Type (4).
[2019.04.10-05.06.07:811][223]LogFbx: 		[Node Attribute Child 1] slide (Type Mesh).
[2019.04.10-05.06.07:811][223]LogFbx: Dumping Node END [slide]
[2019.04.10-05.06.07:811][223]LogFbx: =================================================
[2019.04.10-05.06.07:811][223]LogFbx: Dumping Node START [magazine] 
[2019.04.10-05.06.07:811][223]LogFbx: 	Total Deformer Count -644804360.
[2019.04.10-05.06.07:811][223]LogFbx: 	Attribute () Type (4).
[2019.04.10-05.06.07:811][223]LogFbx: 		[Node Attribute Child 1] magazine (Type Mesh).
[2019.04.10-05.06.07:811][223]LogFbx: Dumping Node END [magazine]
[2019.04.10-05.06.07:811][223]LogFbx: =================================================
[2019.04.10-05.06.07:811][223]LogFbx: Dumping Node START [bullet_01] 
[2019.04.10-05.06.07:811][223]LogFbx: 	Total Deformer Count -1130889408.
[2019.04.10-05.06.07:811][223]LogFbx: 	Attribute () Type (4).
[2019.04.10-05.06.07:811][223]LogFbx: 		[Node Attribute Child 1] bullet_01 (Type Mesh).
[2019.04.10-05.06.07:811][223]LogFbx: Dumping Node END [bullet_01]
[2019.04.10-05.06.07:811][223]LogFbx: =================================================
[2019.04.10-05.06.07:811][223]LogFbx: Dumping Node START [bullet_02] 
[2019.04.10-05.06.07:811][223]LogFbx: 	Total Deformer Count -1130889408.
[2019.04.10-05.06.07:811][223]LogFbx: 	Attribute () Type (4).
[2019.04.10-05.06.07:812][223]LogFbx: 		[Node Attribute Child 1] bullet_02 (Type Mesh).
[2019.04.10-05.06.07:812][223]LogFbx: Dumping Node END [bullet_02]
[2019.04.10-05.06.07:812][223]LogFbx: =================================================
[2019.04.10-05.06.07:812][223]LogFbx: Dumping Node START [bullet] 
[2019.04.10-05.06.07:812][223]LogFbx: 	Total Deformer Count -644804360.
[2019.04.10-05.06.07:812][223]LogFbx: 	Attribute () Type (4).
[2019.04.10-05.06.07:812][223]LogFbx: 		[Node Attribute Child 1] bullet (Type Mesh).
[2019.04.10-05.06.07:812][223]LogFbx: Dumping Node END [bullet]
[2019.04.10-05.06.07:812][223]LogFbx: =================================================
[2019.04.10-05.06.07:812][223]LogFbx: Dumping Node START [frame] 
[2019.04.10-05.06.07:812][223]LogFbx: 	Total Deformer Count -1130841888.
[2019.04.10-05.06.07:812][223]LogFbx: 	Attribute () Type (4).
[2019.04.10-05.06.07:812][223]LogFbx: 		[Node Attribute Child 1] frame (Type Mesh).
[2019.04.10-05.06.07:812][223]LogFbx: Dumping Node END [frame]
[2019.04.10-05.06.07:812][223]LogFbx: =================================================
[2019.04.10-05.06.07:812][223]LogFbx: Dumping Node START [trigger] 
[2019.04.10-05.06.07:812][223]LogFbx: 	Total Deformer Count -644804864.
[2019.04.10-05.06.07:812][223]LogFbx: 	Attribute () Type (4).
[2019.04.10-05.06.07:812][223]LogFbx: 		[Node Attribute Child 1] trigger (Type Mesh).
[2019.04.10-05.06.07:812][223]LogFbx: Dumping Node END [trigger]
[2019.04.10-05.06.07:812][223]LogFbx: =================================================
[2019.04.10-05.06.07:812][223]LogFbx: Dumping Node START [slide] 
[2019.04.10-05.06.07:812][223]LogFbx: 	Total Deformer Count -1130841888.
[2019.04.10-05.06.07:812][223]LogFbx: 	Attribute () Type (4).
[2019.04.10-05.06.07:812][223]LogFbx: 		[Node Attribute Child 1] slide (Type Mesh).
[2019.04.10-05.06.07:812][223]LogFbx: Dumping Node END [slide]
[2019.04.10-05.06.07:812][223]LogFbx: =================================================
[2019.04.10-05.06.07:812][223]LogFbx: Dumping Node START [magazine] 
[2019.04.10-05.06.07:812][223]LogFbx: 	Total Deformer Count -644804360.
[2019.04.10-05.06.07:812][223]LogFbx: 	Attribute () Type (4).
[2019.04.10-05.06.07:812][223]LogFbx: 		[Node Attribute Child 1] magazine (Type Mesh).
[2019.04.10-05.06.07:812][223]LogFbx: Dumping Node END [magazine]
[2019.04.10-05.06.07:812][223]LogFbx: =================================================
[2019.04.10-05.06.07:812][223]LogFbx: Dumping Node START [bullet_01] 
[2019.04.10-05.06.07:812][223]LogFbx: 	Total Deformer Count -1130899392.
[2019.04.10-05.06.07:812][223]LogFbx: 	Attribute () Type (4).
[2019.04.10-05.06.07:812][223]LogFbx: 		[Node Attribute Child 1] bullet_01 (Type Mesh).
[2019.04.10-05.06.07:812][223]LogFbx: Dumping Node END [bullet_01]
[2019.04.10-05.06.07:812][223]LogFbx: =================================================
[2019.04.10-05.06.07:812][223]LogFbx: Dumping Node START [bullet_02] 
[2019.04.10-05.06.07:812][223]LogFbx: 	Total Deformer Count -1130899392.
[2019.04.10-05.06.07:812][223]LogFbx: 	Attribute () Type (4).
[2019.04.10-05.06.07:812][223]LogFbx: 		[Node Attribute Child 1] bullet_02 (Type Mesh).
[2019.04.10-05.06.07:812][223]LogFbx: Dumping Node END [bullet_02]
[2019.04.10-05.06.07:812][223]LogFbx: =================================================
[2019.04.10-05.06.07:812][223]LogFbx: Dumping Node START [bullet] 
[2019.04.10-05.06.07:812][223]LogFbx: 	Total Deformer Count -644804360.
[2019.04.10-05.06.07:812][223]LogFbx: 	Attribute () Type (4).
[2019.04.10-05.06.07:812][223]LogFbx: 		[Node Attribute Child 1] bullet (Type Mesh).
[2019.04.10-05.06.07:812][223]LogFbx: Dumping Node END [bullet]
[2019.04.10-05.06.08:188][223]LogFbx: Triangulating skeletal mesh frame
[2019.04.10-05.06.08:404][223]LogSkeletalMesh: Section 0: 710 vertices, 1 active bones
[2019.04.10-05.06.08:405][223]LogSkeletalMesh: Section 0: Material=0, 900 triangles
[2019.04.10-05.06.08:454][223]LogSkeletalMesh: Building Skeletal Mesh Glock_17_frame...
[2019.04.10-05.06.08:470][223]LogSkeletalMesh: Built Skeletal Mesh [0.02s] /Game/GunStuff/Glock_17.Glock_17_frame
[2019.04.10-05.06.08:474][223]LogLinker: Can't find file '/Game/GunStuff/Glock_17_frame_Skeleton'
[2019.04.10-05.06.08:475][223]LogLinker: Can't find file '/Game/GunStuff/Glock_17_frame_Skeleton'
[2019.04.10-05.06.08:487][223]LogLinker: Can't find file '/Game/GunStuff/Glock_17_frame_PhysicsAsset'
[2019.04.10-05.06.08:488][223]LogLinker: Can't find file '/Game/GunStuff/Glock_17_frame_PhysicsAsset'
[2019.04.10-05.06.08:558][223]LogSkeletalMesh: USkeletalMeshComponent::InitArticulated : Could not find root physics body: '/Engine/Transient.World_1:PersistentLevel.SkeletalMeshActor_0.SkeletalMeshComponent0'
[2019.04.10-05.06.08:577][223]LogSkeletalMesh: Building Skeletal Mesh Glock_17_frame...
[2019.04.10-05.06.08:578][223]LogSkeletalMesh: Built Skeletal Mesh [0.00s] /Game/GunStuff/Glock_17.Glock_17_frame
[2019.04.10-05.06.08:581][223]LogFbx: Triangulating skeletal mesh trigger
[2019.04.10-05.06.08:593][223]LogSkeletalMesh: Section 0: 85 vertices, 1 active bones
[2019.04.10-05.06.08:593][223]LogSkeletalMesh: Section 0: Material=0, 104 triangles
[2019.04.10-05.06.08:594][223]LogSkeletalMesh: Building Skeletal Mesh Glock_17_trigger...
[2019.04.10-05.06.08:594][223]LogSkeletalMesh: Built Skeletal Mesh [0.00s] /Game/GunStuff/Glock_17.Glock_17_trigger
[2019.04.10-05.06.08:597][223]LogLinker: Can't find file '/Game/GunStuff/Glock_17_trigger_Skeleton'
[2019.04.10-05.06.08:597][223]LogLinker: Can't find file '/Game/GunStuff/Glock_17_trigger_Skeleton'
[2019.04.10-05.06.08:604][223]LogLinker: Can't find file '/Game/GunStuff/Glock_17_trigger_PhysicsAsset'
[2019.04.10-05.06.08:604][223]LogLinker: Can't find file '/Game/GunStuff/Glock_17_trigger_PhysicsAsset'
[2019.04.10-05.06.08:613][223]LogSkeletalMesh: USkeletalMeshComponent::InitArticulated : Could not find root physics body: '/Engine/Transient.World_3:PersistentLevel.SkeletalMeshActor_0.SkeletalMeshComponent0'
[2019.04.10-05.06.08:619][223]LogSkeletalMesh: Building Skeletal Mesh Glock_17_trigger...
[2019.04.10-05.06.08:619][223]LogSkeletalMesh: Built Skeletal Mesh [0.00s] /Game/GunStuff/Glock_17.Glock_17_trigger
[2019.04.10-05.06.08:622][223]LogFbx: Triangulating skeletal mesh slide
[2019.04.10-05.06.08:705][223]LogSkeletalMesh: Section 0: 535 vertices, 1 active bones
[2019.04.10-05.06.08:705][223]LogSkeletalMesh: Section 0: Material=0, 604 triangles
[2019.04.10-05.06.08:706][223]LogSkeletalMesh: Building Skeletal Mesh Glock_17_slide...
[2019.04.10-05.06.08:707][223]LogSkeletalMesh: Built Skeletal Mesh [0.00s] /Game/GunStuff/Glock_17.Glock_17_slide
[2019.04.10-05.06.08:710][223]LogLinker: Can't find file '/Game/GunStuff/Glock_17_slide_Skeleton'
[2019.04.10-05.06.08:711][223]LogLinker: Can't find file '/Game/GunStuff/Glock_17_slide_Skeleton'
[2019.04.10-05.06.08:715][223]LogLinker: Can't find file '/Game/GunStuff/Glock_17_slide_PhysicsAsset'
[2019.04.10-05.06.08:716][223]LogLinker: Can't find file '/Game/GunStuff/Glock_17_slide_PhysicsAsset'
[2019.04.10-05.06.08:725][223]LogSkeletalMesh: USkeletalMeshComponent::InitArticulated : Could not find root physics body: '/Engine/Transient.World_5:PersistentLevel.SkeletalMeshActor_0.SkeletalMeshComponent0'
[2019.04.10-05.06.08:731][223]LogSkeletalMesh: Building Skeletal Mesh Glock_17_slide...
[2019.04.10-05.06.08:733][223]LogSkeletalMesh: Built Skeletal Mesh [0.00s] /Game/GunStuff/Glock_17.Glock_17_slide
[2019.04.10-05.06.08:745][223]LogFbx: Triangulating skeletal mesh magazine
[2019.04.10-05.06.08:773][223]LogSkeletalMesh: Section 0: 201 vertices, 1 active bones
[2019.04.10-05.06.08:773][223]LogSkeletalMesh: Section 0: Material=0, 194 triangles
[2019.04.10-05.06.08:774][223]LogSkeletalMesh: Building Skeletal Mesh Glock_17_magazine...
[2019.04.10-05.06.08:774][223]LogSkeletalMesh: Built Skeletal Mesh [0.00s] /Game/GunStuff/Glock_17.Glock_17_magazine
[2019.04.10-05.06.08:777][223]LogLinker: Can't find file '/Game/GunStuff/Glock_17_magazine_Skeleton'
[2019.04.10-05.06.08:778][223]LogLinker: Can't find file '/Game/GunStuff/Glock_17_magazine_Skeleton'
[2019.04.10-05.06.08:782][223]LogLinker: Can't find file '/Game/GunStuff/Glock_17_magazine_PhysicsAsset'
[2019.04.10-05.06.08:783][223]LogLinker: Can't find file '/Game/GunStuff/Glock_17_magazine_PhysicsAsset'
[2019.04.10-05.06.08:791][223]LogSkeletalMesh: USkeletalMeshComponent::InitArticulated : Could not find root physics body: '/Engine/Transient.World_7:PersistentLevel.SkeletalMeshActor_0.SkeletalMeshComponent0'
[2019.04.10-05.06.08:797][223]LogSkeletalMesh: Building Skeletal Mesh Glock_17_magazine...
[2019.04.10-05.06.08:798][223]LogSkeletalMesh: Built Skeletal Mesh [0.00s] /Game/GunStuff/Glock_17.Glock_17_magazine
[2019.04.10-05.06.08:813][223]LogFbx: Triangulating skeletal mesh bullet_01
[2019.04.10-05.06.08:823][223]LogSkeletalMesh: Section 0: 53 vertices, 1 active bones
[2019.04.10-05.06.08:823][223]LogSkeletalMesh: Section 0: Material=0, 62 triangles
[2019.04.10-05.06.08:823][223]LogSkeletalMesh: Building Skeletal Mesh Glock_17_bullet_01...
[2019.04.10-05.06.08:823][223]LogSkeletalMesh: Built Skeletal Mesh [0.00s] /Game/GunStuff/Glock_17.Glock_17_bullet_01
[2019.04.10-05.06.08:826][223]LogLinker: Can't find file '/Game/GunStuff/Glock_17_bullet_01_Skeleton'
[2019.04.10-05.06.08:827][223]LogLinker: Can't find file '/Game/GunStuff/Glock_17_bullet_01_Skeleton'
[2019.04.10-05.06.08:831][223]LogLinker: Can't find file '/Game/GunStuff/Glock_17_bullet_01_PhysicsAsset'
[2019.04.10-05.06.08:832][223]LogLinker: Can't find file '/Game/GunStuff/Glock_17_bullet_01_PhysicsAsset'
[2019.04.10-05.06.08:841][223]LogSkeletalMesh: USkeletalMeshComponent::InitArticulated : Could not find root physics body: '/Engine/Transient.World_9:PersistentLevel.SkeletalMeshActor_0.SkeletalMeshComponent0'
[2019.04.10-05.06.08:847][223]LogSkeletalMesh: Building Skeletal Mesh Glock_17_bullet_01...
[2019.04.10-05.06.08:847][223]LogSkeletalMesh: Built Skeletal Mesh [0.00s] /Game/GunStuff/Glock_17.Glock_17_bullet_01
[2019.04.10-05.06.08:850][223]LogFbx: Triangulating skeletal mesh bullet_02
[2019.04.10-05.06.08:859][223]LogSkeletalMesh: Section 0: 53 vertices, 1 active bones
[2019.04.10-05.06.08:859][223]LogSkeletalMesh: Section 0: Material=0, 62 triangles
[2019.04.10-05.06.08:860][223]LogSkeletalMesh: Building Skeletal Mesh Glock_17_bullet_02...
[2019.04.10-05.06.08:860][223]LogSkeletalMesh: Built Skeletal Mesh [0.00s] /Game/GunStuff/Glock_17.Glock_17_bullet_02
[2019.04.10-05.06.08:864][223]LogLinker: Can't find file '/Game/GunStuff/Glock_17_bullet_02_Skeleton'
[2019.04.10-05.06.08:865][223]LogLinker: Can't find file '/Game/GunStuff/Glock_17_bullet_02_Skeleton'
[2019.04.10-05.06.08:870][223]LogLinker: Can't find file '/Game/GunStuff/Glock_17_bullet_02_PhysicsAsset'
[2019.04.10-05.06.08:871][223]LogLinker: Can't find file '/Game/GunStuff/Glock_17_bullet_02_PhysicsAsset'
[2019.04.10-05.06.08:880][223]LogSkeletalMesh: USkeletalMeshComponent::InitArticulated : Could not find root physics body: '/Engine/Transient.World_11:PersistentLevel.SkeletalMeshActor_0.SkeletalMeshComponent0'
[2019.04.10-05.06.08:886][223]LogSkeletalMesh: Building Skeletal Mesh Glock_17_bullet_02...
[2019.04.10-05.06.08:886][223]LogSkeletalMesh: Built Skeletal Mesh [0.00s] /Game/GunStuff/Glock_17.Glock_17_bullet_02
[2019.04.10-05.06.08:888][223]LogFbx: Triangulating skeletal mesh bullet
[2019.04.10-05.06.08:896][223]LogSkeletalMesh: Section 0: 53 vertices, 1 active bones
[2019.04.10-05.06.08:897][223]LogSkeletalMesh: Section 0: Material=0, 62 triangles
[2019.04.10-05.06.08:897][223]LogSkeletalMesh: Building Skeletal Mesh Glock_17_bullet...
[2019.04.10-05.06.08:897][223]LogSkeletalMesh: Built Skeletal Mesh [0.00s] /Game/GunStuff/Glock_17.Glock_17_bullet
[2019.04.10-05.06.08:900][223]LogLinker: Can't find file '/Game/GunStuff/Glock_17_bullet_Skeleton'
[2019.04.10-05.06.08:917][223]LogLinker: Can't find file '/Game/GunStuff/Glock_17_bullet_Skeleton'
[2019.04.10-05.06.08:922][223]LogLinker: Can't find file '/Game/GunStuff/Glock_17_bullet_PhysicsAsset'
[2019.04.10-05.06.08:923][223]LogLinker: Can't find file '/Game/GunStuff/Glock_17_bullet_PhysicsAsset'
[2019.04.10-05.06.08:932][223]LogSkeletalMesh: USkeletalMeshComponent::InitArticulated : Could not find root physics body: '/Engine/Transient.World_13:PersistentLevel.SkeletalMeshActor_0.SkeletalMeshComponent0'
[2019.04.10-05.06.08:944][223]LogSkeletalMesh: Building Skeletal Mesh Glock_17_bullet...
[2019.04.10-05.06.08:944][223]LogSkeletalMesh: Built Skeletal Mesh [0.00s] /Game/GunStuff/Glock_17.Glock_17_bullet
[2019.04.10-05.06.08:958][223]LogSlate: FSceneViewport::OnFocusLost() reason 2
[2019.04.10-05.06.08:975][223]LogSkeletalMesh: Building Skeletal Mesh Glock_17_bullet...
[2019.04.10-05.06.08:975][223]LogSkeletalMesh: Built Skeletal Mesh [0.00s] /Game/GunStuff/Glock_17.Glock_17_bullet
[2019.04.10-05.06.08:999][223]LogSlate: Took 0.000431 seconds to synchronously load lazily loaded font '../../../Engine/Content/Slate/Fonts/Roboto-Light.ttf' (167K)
[2019.04.10-05.06.09:077][224]LogFactory: FactoryCreateFile: StaticMesh with FbxFactory (0 0 D:/Users/Kris/OneDrive - Marshall University/CIT 441 (Game Dev 2)/FPS_Clicker/FPS_Clicker/Content/GunStuff/Glock_17.obj)
[2019.04.10-05.06.09:086][224]LogFbx: Loading FBX Scene from D:/Users/Kris/OneDrive - Marshall University/CIT 441 (Game Dev 2)/FPS_Clicker/FPS_Clicker/Content/GunStuff/Glock_17.obj
[2019.04.10-05.06.09:110][224]LogFbx: FBX Scene Loaded Succesfully
[2019.04.10-05.06.10:159][224]LogSlate: Window 'FBX Import Options' being destroyed
[2019.04.10-05.06.10:224][224]LogStaticMesh: Building static mesh Glock_17_bullet...
[2019.04.10-05.06.10:230][224]LogStaticMesh: Built static mesh [0.01s] /Game/GunStuff/Glock_17_bullet.Glock_17_bullet
[2019.04.10-05.06.10:279][224]LogStaticMesh: Building static mesh Glock_17_bullet_01...
[2019.04.10-05.06.10:281][224]LogStaticMesh: Built static mesh [0.00s] /Game/GunStuff/Glock_17_bullet_01.Glock_17_bullet_01
[2019.04.10-05.06.10:338][224]LogStaticMesh: Building static mesh Glock_17_bullet_02...
[2019.04.10-05.06.10:341][224]LogStaticMesh: Built static mesh [0.00s] /Game/GunStuff/Glock_17_bullet_02.Glock_17_bullet_02
[2019.04.10-05.06.10:479][224]LogStaticMesh: Building static mesh Glock_17_frame...
[2019.04.10-05.06.10:497][224]LogStaticMesh: Built static mesh [0.02s] /Game/GunStuff/Glock_17_frame.Glock_17_frame
[2019.04.10-05.06.10:568][224]LogStaticMesh: Building static mesh Glock_17_magazine...
[2019.04.10-05.06.10:574][224]LogStaticMesh: Built static mesh [0.01s] /Game/GunStuff/Glock_17_magazine.Glock_17_magazine
[2019.04.10-05.06.10:681][224]LogStaticMesh: Building static mesh Glock_17_slide...
[2019.04.10-05.06.10:697][224]LogStaticMesh: Built static mesh [0.02s] /Game/GunStuff/Glock_17_slide.Glock_17_slide
[2019.04.10-05.06.10:758][224]LogStaticMesh: Building static mesh Glock_17_trigger...
[2019.04.10-05.06.10:762][224]LogStaticMesh: Built static mesh [0.01s] /Game/GunStuff/Glock_17_trigger.Glock_17_trigger
[2019.04.10-05.06.10:983][225]LogSlate: FSceneViewport::OnFocusLost() reason 2
[2019.04.10-05.06.11:343][225]LogSavePackage: Moving '../../../../../Users/Kris/OneDrive - Marshall University/CIT 441 (Game Dev 2)/FPS_Clicker/FPS_Clicker/Saved/Glock_1783F9F6A741B4013F2110F6BEEFA2EECA.tmp' to '../../../../../Users/Kris/OneDrive - Marshall University/CIT 441 (Game Dev 2)/FPS_Clicker/FPS_Clicker/Content/GunStuff/Glock_17.uasset'
[2019.04.10-05.06.11:446][225]LogSavePackage: Moving '../../../../../Users/Kris/OneDrive - Marshall University/CIT 441 (Game Dev 2)/FPS_Clicker/FPS_Clicker/Saved/Glock_17FC38AD934F933C481645D09D6A45244A.tmp' to '../../../../../Users/Kris/OneDrive - Marshall University/CIT 441 (Game Dev 2)/FPS_Clicker/FPS_Clicker/Content/GunStuff/Glock_17.uasset'
[2019.04.10-05.06.12:390][294]LogSlate: FSceneViewport::OnFocusLost() reason 0
[2019.04.10-05.06.14:476][424]AssetReimport: Importing new asset /Game/GunStuff/Glock_17.
[2019.04.10-05.06.14:476][424]AssetReimport: Importing new asset /Game/GunStuff/Glock_17.
[2019.04.10-05.06.27:763][477]LogShaderCompilers: Display: Shaders left to compile 214
[2019.04.10-05.06.29:760][517]LogShaderCompilers: Display: Shaders left to compile 204
[2019.04.10-05.06.30:807][541]LogShaderCompilers: Display: Shaders left to compile 194
[2019.04.10-05.06.31:692][570]LogShaderCompilers: Display: Shaders left to compile 184
[2019.04.10-05.06.39:757][ 55]LogShaderCompilers: Display: Shaders left to compile 174
[2019.04.10-05.06.40:328][108]LogAssetEditorManager: Opening Asset editor for Blueprint /Game/Player/FPSClicker_PlayerPawn.FPSClicker_PlayerPawn
[2019.04.10-05.06.40:947][108]LogContentBrowser: Native class hierarchy updated for 'BlueprintGraph' in 0.0008 seconds. Added 116 classes and 0 folders.
[2019.04.10-05.06.41:983][108]LogSlate: Took 0.000340 seconds to synchronously load lazily loaded font '../../../Engine/Content/Slate/Fonts/Roboto-BoldCondensed.ttf' (158K)
[2019.04.10-05.06.42:161][109]LogSlate: Took 0.000403 seconds to synchronously load lazily loaded font '../../../Engine/Content/Slate/Fonts/Roboto-Italic.ttf' (157K)
[2019.04.10-05.06.42:316][111]LogShaderCompilers: Display: Shaders left to compile 164
[2019.04.10-05.06.44:041][111]LogShaderCompilers: Display: Shaders left to compile 154
[2019.04.10-05.06.45:698][111]LogShaderCompilers: Display: Shaders left to compile 144
[2019.04.10-05.06.49:009][253]LogSlate: Window 'FPSClicker_PlayerPawn' being destroyed
[2019.04.10-05.06.49:430][294]LogShaderCompilers: Display: Shaders left to compile 134
[2019.04.10-05.06.50:326][340]LogShaderCompilers: Display: Shaders left to compile 124
[2019.04.10-05.06.53:051][340]LogShaderCompilers: Display: Shaders left to compile 114
[2019.04.10-05.06.54:334][343]LogShaderCompilers: Display: Shaders left to compile 104
[2019.04.10-05.06.57:322][442]LogShaderCompilers: Display: Shaders left to compile 94
[2019.04.10-05.06.58:155][536]LogShaderCompilers: Display: Shaders left to compile 84
[2019.04.10-05.07.00:426][768]LogAssetEditorManager: Opening Asset editor for Blueprint /Game/Player/FPSClicker_GM.FPSClicker_GM
[2019.04.10-05.07.03:415][991]LogShaderCompilers: Display: Shaders left to compile 74
[2019.04.10-05.07.05:665][ 28]LogShaderCompilers: Display: Shaders left to compile 64
[2019.04.10-05.07.05:665][ 28]LogShaderCompilers: Display: Shaders left to compile 54
[2019.04.10-05.07.08:876][ 95]LogShaderCompilers: Display: Shaders left to compile 44
[2019.04.10-05.07.10:682][121]LogShaderCompilers: Display: Shaders left to compile 34
[2019.04.10-05.07.11:982][142]LogShaderCompilers: Display: Shaders left to compile 24
[2019.04.10-05.07.12:978][158]LogShaderCompilers: Display: Shaders left to compile 14
[2019.04.10-05.07.15:429][203]LogShaderCompilers: Display: Shaders left to compile 4
[2019.04.10-05.07.54:429][ 40]LogSlate: Window 'Message Log' being destroyed
[2019.04.10-05.07.54:432][ 40]LogSlate: Window 'Message Log' being destroyed
[2019.04.10-05.14.48:735][331]LogFileHelpers: Editor autosave (incl. sublevels) for '/Temp/Untitled_1' took 0.064
[2019.04.10-05.14.48:752][331]OBJ SavePackage: Generating thumbnails for [1] asset(s) in package [/Game/GunStuff/default] ([1] browsable assets)...
[2019.04.10-05.14.48:774][331]OBJ SavePackage:     Rendered thumbnail for [Material /Game/GunStuff/default.default]
[2019.04.10-05.14.48:774][331]OBJ SavePackage: Finished generating thumbnails for package [/Game/GunStuff/default]
[2019.04.10-05.14.48:796][331]LogSavePackage: Moving '../../../../../Users/Kris/OneDrive - Marshall University/CIT 441 (Game Dev 2)/FPS_Clicker/FPS_Clicker/Saved/default_Auto14B17421C4AA1602B6F65C3BE90A6A62E.tmp' to '../../../../../Users/Kris/OneDrive - Marshall University/CIT 441 (Game Dev 2)/FPS_Clicker/FPS_Clicker/Saved/Autosaves/Game/GunStuff/default_Auto1.uasset'
[2019.04.10-05.14.48:804][331]OBJ SavePackage: Generating thumbnails for [0] asset(s) in package [/Game/GunStuff/Glock_17_frame_Skeleton] ([1] browsable assets)...
[2019.04.10-05.14.48:804][331]OBJ SavePackage: Finished generating thumbnails for package [/Game/GunStuff/Glock_17_frame_Skeleton]
[2019.04.10-05.14.48:817][331]LogSavePackage: Moving '../../../../../Users/Kris/OneDrive - Marshall University/CIT 441 (Game Dev 2)/FPS_Clicker/FPS_Clicker/Saved/Glock_17_frame_Skeleton_Auto15D6880794C436CDD8C72DC9649EF1DC3.tmp' to '../../../../../Users/Kris/OneDrive - Marshall University/CIT 441 (Game Dev 2)/FPS_Clicker/FPS_Clicker/Saved/Autosaves/Game/GunStuff/Glock_17_frame_Skeleton_Auto1.uasset'
[2019.04.10-05.14.48:827][331]OBJ SavePackage: Generating thumbnails for [1] asset(s) in package [/Game/GunStuff/Glock_17_frame_PhysicsAsset] ([1] browsable assets)...
[2019.04.10-05.14.48:848][331]OBJ SavePackage:     Rendered thumbnail for [PhysicsAsset /Game/GunStuff/Glock_17_frame_PhysicsAsset.Glock_17_frame_PhysicsAsset]
[2019.04.10-05.14.48:849][331]OBJ SavePackage: Finished generating thumbnails for package [/Game/GunStuff/Glock_17_frame_PhysicsAsset]
[2019.04.10-05.14.48:867][331]LogSavePackage: Moving '../../../../../Users/Kris/OneDrive - Marshall University/CIT 441 (Game Dev 2)/FPS_Clicker/FPS_Clicker/Saved/Glock_17_frame_PhysicsAsset_Auto7489888647EB743F59FA93A7544910A1.tmp' to '../../../../../Users/Kris/OneDrive - Marshall University/CIT 441 (Game Dev 2)/FPS_Clicker/FPS_Clicker/Saved/Autosaves/Game/GunStuff/Glock_17_frame_PhysicsAsset_Auto1.uasset'
[2019.04.10-05.14.48:875][331]OBJ SavePackage: Generating thumbnails for [0] asset(s) in package [/Game/GunStuff/Glock_17_trigger_Skeleton] ([1] browsable assets)...
[2019.04.10-05.14.48:875][331]OBJ SavePackage: Finished generating thumbnails for package [/Game/GunStuff/Glock_17_trigger_Skeleton]
[2019.04.10-05.14.48:885][331]LogSavePackage: Moving '../../../../../Users/Kris/OneDrive - Marshall University/CIT 441 (Game Dev 2)/FPS_Clicker/FPS_Clicker/Saved/Glock_17_trigger_Skeleton_Auto110A5D7A14DA979A16F3037B819265D60.tmp' to '../../../../../Users/Kris/OneDrive - Marshall University/CIT 441 (Game Dev 2)/FPS_Clicker/FPS_Clicker/Saved/Autosaves/Game/GunStuff/Glock_17_trigger_Skeleton_Auto1.uasset'
[2019.04.10-05.14.48:893][331]OBJ SavePackage: Generating thumbnails for [1] asset(s) in package [/Game/GunStuff/Glock_17_trigger_PhysicsAsset] ([1] browsable assets)...
[2019.04.10-05.14.48:911][331]OBJ SavePackage:     Rendered thumbnail for [PhysicsAsset /Game/GunStuff/Glock_17_trigger_PhysicsAsset.Glock_17_trigger_PhysicsAsset]
[2019.04.10-05.14.48:911][331]OBJ SavePackage: Finished generating thumbnails for package [/Game/GunStuff/Glock_17_trigger_PhysicsAsset]
[2019.04.10-05.14.48:942][331]LogSavePackage: Moving '../../../../../Users/Kris/OneDrive - Marshall University/CIT 441 (Game Dev 2)/FPS_Clicker/FPS_Clicker/Saved/Glock_17_trigger_PhysicsAsset_AuA843C13C41A74FD46D1CA19D72AC2D45.tmp' to '../../../../../Users/Kris/OneDrive - Marshall University/CIT 441 (Game Dev 2)/FPS_Clicker/FPS_Clicker/Saved/Autosaves/Game/GunStuff/Glock_17_trigger_PhysicsAsset_Auto1.uasset'
[2019.04.10-05.14.48:951][331]OBJ SavePackage: Generating thumbnails for [0] asset(s) in package [/Game/GunStuff/Glock_17_slide_Skeleton] ([1] browsable assets)...
[2019.04.10-05.14.48:951][331]OBJ SavePackage: Finished generating thumbnails for package [/Game/GunStuff/Glock_17_slide_Skeleton]
[2019.04.10-05.14.48:990][331]LogSavePackage: Moving '../../../../../Users/Kris/OneDrive - Marshall University/CIT 441 (Game Dev 2)/FPS_Clicker/FPS_Clicker/Saved/Glock_17_slide_Skeleton_Auto1DD7BD19F44CF0B1866ABBAB0C28C8775.tmp' to '../../../../../Users/Kris/OneDrive - Marshall University/CIT 441 (Game Dev 2)/FPS_Clicker/FPS_Clicker/Saved/Autosaves/Game/GunStuff/Glock_17_slide_Skeleton_Auto1.uasset'
[2019.04.10-05.14.48:997][331]OBJ SavePackage: Generating thumbnails for [1] asset(s) in package [/Game/GunStuff/Glock_17_slide_PhysicsAsset] ([1] browsable assets)...
[2019.04.10-05.14.49:014][331]OBJ SavePackage:     Rendered thumbnail for [PhysicsAsset /Game/GunStuff/Glock_17_slide_PhysicsAsset.Glock_17_slide_PhysicsAsset]
[2019.04.10-05.14.49:014][331]OBJ SavePackage: Finished generating thumbnails for package [/Game/GunStuff/Glock_17_slide_PhysicsAsset]
[2019.04.10-05.14.49:030][331]LogSavePackage: Moving '../../../../../Users/Kris/OneDrive - Marshall University/CIT 441 (Game Dev 2)/FPS_Clicker/FPS_Clicker/Saved/Glock_17_slide_PhysicsAsset_Auto29B3A49B4D00CC9151DDE5A957F483AE.tmp' to '../../../../../Users/Kris/OneDrive - Marshall University/CIT 441 (Game Dev 2)/FPS_Clicker/FPS_Clicker/Saved/Autosaves/Game/GunStuff/Glock_17_slide_PhysicsAsset_Auto1.uasset'
[2019.04.10-05.14.49:038][331]OBJ SavePackage: Generating thumbnails for [0] asset(s) in package [/Game/GunStuff/Glock_17_magazine_Skeleton] ([1] browsable assets)...
[2019.04.10-05.14.49:038][331]OBJ SavePackage: Finished generating thumbnails for package [/Game/GunStuff/Glock_17_magazine_Skeleton]
[2019.04.10-05.14.49:053][331]LogSavePackage: Moving '../../../../../Users/Kris/OneDrive - Marshall University/CIT 441 (Game Dev 2)/FPS_Clicker/FPS_Clicker/Saved/Glock_17_magazine_Skeleton_Auto1932826ED42A42312A34D8EBD4F8DD1F7.tmp' to '../../../../../Users/Kris/OneDrive - Marshall University/CIT 441 (Game Dev 2)/FPS_Clicker/FPS_Clicker/Saved/Autosaves/Game/GunStuff/Glock_17_magazine_Skeleton_Auto1.uasset'
[2019.04.10-05.14.49:061][331]OBJ SavePackage: Generating thumbnails for [1] asset(s) in package [/Game/GunStuff/Glock_17_magazine_PhysicsAsset] ([1] browsable assets)...
[2019.04.10-05.14.49:077][331]OBJ SavePackage:     Rendered thumbnail for [PhysicsAsset /Game/GunStuff/Glock_17_magazine_PhysicsAsset.Glock_17_magazine_PhysicsAsset]
[2019.04.10-05.14.49:077][331]OBJ SavePackage: Finished generating thumbnails for package [/Game/GunStuff/Glock_17_magazine_PhysicsAsset]
[2019.04.10-05.14.49:095][331]LogSavePackage: Moving '../../../../../Users/Kris/OneDrive - Marshall University/CIT 441 (Game Dev 2)/FPS_Clicker/FPS_Clicker/Saved/Glock_17_magazine_PhysicsAsset_AA79AC2D64ECB84A7A3A7408B0971E1F2.tmp' to '../../../../../Users/Kris/OneDrive - Marshall University/CIT 441 (Game Dev 2)/FPS_Clicker/FPS_Clicker/Saved/Autosaves/Game/GunStuff/Glock_17_magazine_PhysicsAsset_Auto1.uasset'
[2019.04.10-05.14.49:102][331]OBJ SavePackage: Generating thumbnails for [0] asset(s) in package [/Game/GunStuff/Glock_17_bullet_01_Skeleton] ([1] browsable assets)...
[2019.04.10-05.14.49:102][331]OBJ SavePackage: Finished generating thumbnails for package [/Game/GunStuff/Glock_17_bullet_01_Skeleton]
[2019.04.10-05.14.49:111][331]LogSavePackage: Moving '../../../../../Users/Kris/OneDrive - Marshall University/CIT 441 (Game Dev 2)/FPS_Clicker/FPS_Clicker/Saved/Glock_17_bullet_01_Skeleton_AutoE2D9DCBF48CFA836613E15B66A643238.tmp' to '../../../../../Users/Kris/OneDrive - Marshall University/CIT 441 (Game Dev 2)/FPS_Clicker/FPS_Clicker/Saved/Autosaves/Game/GunStuff/Glock_17_bullet_01_Skeleton_Auto1.uasset'
[2019.04.10-05.14.49:118][331]OBJ SavePackage: Generating thumbnails for [1] asset(s) in package [/Game/GunStuff/Glock_17_bullet_01_PhysicsAsset] ([1] browsable assets)...
[2019.04.10-05.14.49:137][331]OBJ SavePackage:     Rendered thumbnail for [PhysicsAsset /Game/GunStuff/Glock_17_bullet_01_PhysicsAsset.Glock_17_bullet_01_PhysicsAsset]
[2019.04.10-05.14.49:137][331]OBJ SavePackage: Finished generating thumbnails for package [/Game/GunStuff/Glock_17_bullet_01_PhysicsAsset]
[2019.04.10-05.14.49:166][331]LogSavePackage: Moving '../../../../../Users/Kris/OneDrive - Marshall University/CIT 441 (Game Dev 2)/FPS_Clicker/FPS_Clicker/Saved/Glock_17_bullet_01_PhysicsAsset_441E238E4C305B38B9FAC7A92D218D36.tmp' to '../../../../../Users/Kris/OneDrive - Marshall University/CIT 441 (Game Dev 2)/FPS_Clicker/FPS_Clicker/Saved/Autosaves/Game/GunStuff/Glock_17_bullet_01_PhysicsAsset_Auto1.uasset'
[2019.04.10-05.14.49:174][331]OBJ SavePackage: Generating thumbnails for [0] asset(s) in package [/Game/GunStuff/Glock_17_bullet_02_Skeleton] ([1] browsable assets)...
[2019.04.10-05.14.49:174][331]OBJ SavePackage: Finished generating thumbnails for package [/Game/GunStuff/Glock_17_bullet_02_Skeleton]
[2019.04.10-05.14.49:181][331]LogSavePackage: Moving '../../../../../Users/Kris/OneDrive - Marshall University/CIT 441 (Game Dev 2)/FPS_Clicker/FPS_Clicker/Saved/Glock_17_bullet_02_Skeleton_AutoE1A30BEB48BA5B0E676411A92447972E.tmp' to '../../../../../Users/Kris/OneDrive - Marshall University/CIT 441 (Game Dev 2)/FPS_Clicker/FPS_Clicker/Saved/Autosaves/Game/GunStuff/Glock_17_bullet_02_Skeleton_Auto1.uasset'
[2019.04.10-05.14.49:189][331]OBJ SavePackage: Generating thumbnails for [1] asset(s) in package [/Game/GunStuff/Glock_17_bullet_02_PhysicsAsset] ([1] browsable assets)...
[2019.04.10-05.14.49:208][331]OBJ SavePackage:     Rendered thumbnail for [PhysicsAsset /Game/GunStuff/Glock_17_bullet_02_PhysicsAsset.Glock_17_bullet_02_PhysicsAsset]
[2019.04.10-05.14.49:209][331]OBJ SavePackage: Finished generating thumbnails for package [/Game/GunStuff/Glock_17_bullet_02_PhysicsAsset]
[2019.04.10-05.14.49:226][331]LogSavePackage: Moving '../../../../../Users/Kris/OneDrive - Marshall University/CIT 441 (Game Dev 2)/FPS_Clicker/FPS_Clicker/Saved/Glock_17_bullet_02_PhysicsAsset_98EF409542DE501AB44BCDB69559ABF4.tmp' to '../../../../../Users/Kris/OneDrive - Marshall University/CIT 441 (Game Dev 2)/FPS_Clicker/FPS_Clicker/Saved/Autosaves/Game/GunStuff/Glock_17_bullet_02_PhysicsAsset_Auto1.uasset'
[2019.04.10-05.14.49:249][331]OBJ SavePackage: Generating thumbnails for [0] asset(s) in package [/Game/GunStuff/Glock_17_bullet_Skeleton] ([1] browsable assets)...
[2019.04.10-05.14.49:249][331]OBJ SavePackage: Finished generating thumbnails for package [/Game/GunStuff/Glock_17_bullet_Skeleton]
[2019.04.10-05.14.49:278][331]LogSavePackage: Moving '../../../../../Users/Kris/OneDrive - Marshall University/CIT 441 (Game Dev 2)/FPS_Clicker/FPS_Clicker/Saved/Glock_17_bullet_Skeleton_Auto1FECB0ECB4E1B350BF4F2C9B749A8D762.tmp' to '../../../../../Users/Kris/OneDrive - Marshall University/CIT 441 (Game Dev 2)/FPS_Clicker/FPS_Clicker/Saved/Autosaves/Game/GunStuff/Glock_17_bullet_Skeleton_Auto1.uasset'
[2019.04.10-05.14.49:286][331]OBJ SavePackage: Generating thumbnails for [1] asset(s) in package [/Game/GunStuff/Glock_17_bullet_PhysicsAsset] ([1] browsable assets)...
[2019.04.10-05.14.49:306][331]OBJ SavePackage:     Rendered thumbnail for [PhysicsAsset /Game/GunStuff/Glock_17_bullet_PhysicsAsset.Glock_17_bullet_PhysicsAsset]
[2019.04.10-05.14.49:306][331]OBJ SavePackage: Finished generating thumbnails for package [/Game/GunStuff/Glock_17_bullet_PhysicsAsset]
[2019.04.10-05.14.49:322][331]LogSavePackage: Moving '../../../../../Users/Kris/OneDrive - Marshall University/CIT 441 (Game Dev 2)/FPS_Clicker/FPS_Clicker/Saved/Glock_17_bullet_PhysicsAsset_Aut803C775D481B6061C8E05FBF857A08D0.tmp' to '../../../../../Users/Kris/OneDrive - Marshall University/CIT 441 (Game Dev 2)/FPS_Clicker/FPS_Clicker/Saved/Autosaves/Game/GunStuff/Glock_17_bullet_PhysicsAsset_Auto1.uasset'
[2019.04.10-05.14.49:329][331]OBJ SavePackage: Generating thumbnails for [1] asset(s) in package [/Game/GunStuff/Glock_17_bullet] ([1] browsable assets)...
[2019.04.10-05.14.49:345][331]OBJ SavePackage:     Rendered thumbnail for [StaticMesh /Game/GunStuff/Glock_17_bullet.Glock_17_bullet]
[2019.04.10-05.14.49:345][331]OBJ SavePackage: Finished generating thumbnails for package [/Game/GunStuff/Glock_17_bullet]
[2019.04.10-05.14.49:377][331]LogSavePackage: Moving '../../../../../Users/Kris/OneDrive - Marshall University/CIT 441 (Game Dev 2)/FPS_Clicker/FPS_Clicker/Saved/Glock_17_bullet_Auto17BE2A2694D395A3009EDC3BFBECFB93B.tmp' to '../../../../../Users/Kris/OneDrive - Marshall University/CIT 441 (Game Dev 2)/FPS_Clicker/FPS_Clicker/Saved/Autosaves/Game/GunStuff/Glock_17_bullet_Auto1.uasset'
[2019.04.10-05.14.49:384][331]OBJ SavePackage: Generating thumbnails for [1] asset(s) in package [/Game/GunStuff/bulletMat] ([1] browsable assets)...
[2019.04.10-05.14.49:403][331]OBJ SavePackage:     Rendered thumbnail for [Material /Game/GunStuff/bulletMat.bulletMat]
[2019.04.10-05.14.49:403][331]OBJ SavePackage: Finished generating thumbnails for package [/Game/GunStuff/bulletMat]
[2019.04.10-05.14.49:423][331]LogSavePackage: Moving '../../../../../Users/Kris/OneDrive - Marshall University/CIT 441 (Game Dev 2)/FPS_Clicker/FPS_Clicker/Saved/bulletMat_Auto16BC66965464A1DD2C04F79A3291DA128.tmp' to '../../../../../Users/Kris/OneDrive - Marshall University/CIT 441 (Game Dev 2)/FPS_Clicker/FPS_Clicker/Saved/Autosaves/Game/GunStuff/bulletMat_Auto1.uasset'
[2019.04.10-05.14.49:431][331]OBJ SavePackage: Generating thumbnails for [1] asset(s) in package [/Game/GunStuff/Glock_17_bullet_01] ([1] browsable assets)...
[2019.04.10-05.14.49:448][331]OBJ SavePackage:     Rendered thumbnail for [StaticMesh /Game/GunStuff/Glock_17_bullet_01.Glock_17_bullet_01]
[2019.04.10-05.14.49:448][331]OBJ SavePackage: Finished generating thumbnails for package [/Game/GunStuff/Glock_17_bullet_01]
[2019.04.10-05.14.49:470][331]LogSavePackage: Moving '../../../../../Users/Kris/OneDrive - Marshall University/CIT 441 (Game Dev 2)/FPS_Clicker/FPS_Clicker/Saved/Glock_17_bullet_01_Auto15CC3495A483990BAC5DC439E2B8962B1.tmp' to '../../../../../Users/Kris/OneDrive - Marshall University/CIT 441 (Game Dev 2)/FPS_Clicker/FPS_Clicker/Saved/Autosaves/Game/GunStuff/Glock_17_bullet_01_Auto1.uasset'
[2019.04.10-05.14.49:479][331]OBJ SavePackage: Generating thumbnails for [1] asset(s) in package [/Game/GunStuff/bullet_01Mat] ([1] browsable assets)...
[2019.04.10-05.14.49:495][331]OBJ SavePackage:     Rendered thumbnail for [Material /Game/GunStuff/bullet_01Mat.bullet_01Mat]
[2019.04.10-05.14.49:495][331]OBJ SavePackage: Finished generating thumbnails for package [/Game/GunStuff/bullet_01Mat]
[2019.04.10-05.14.49:515][331]LogSavePackage: Moving '../../../../../Users/Kris/OneDrive - Marshall University/CIT 441 (Game Dev 2)/FPS_Clicker/FPS_Clicker/Saved/bullet_01Mat_Auto1D771E2954A7FABEC0952E0B78CDB98D5.tmp' to '../../../../../Users/Kris/OneDrive - Marshall University/CIT 441 (Game Dev 2)/FPS_Clicker/FPS_Clicker/Saved/Autosaves/Game/GunStuff/bullet_01Mat_Auto1.uasset'
[2019.04.10-05.14.49:522][331]OBJ SavePackage: Generating thumbnails for [1] asset(s) in package [/Game/GunStuff/Glock_17_bullet_02] ([1] browsable assets)...
[2019.04.10-05.14.49:541][331]OBJ SavePackage:     Rendered thumbnail for [StaticMesh /Game/GunStuff/Glock_17_bullet_02.Glock_17_bullet_02]
[2019.04.10-05.14.49:541][331]OBJ SavePackage: Finished generating thumbnails for package [/Game/GunStuff/Glock_17_bullet_02]
[2019.04.10-05.14.49:564][331]LogSavePackage: Moving '../../../../../Users/Kris/OneDrive - Marshall University/CIT 441 (Game Dev 2)/FPS_Clicker/FPS_Clicker/Saved/Glock_17_bullet_02_Auto1523ED9324254155412B94C99C2972823.tmp' to '../../../../../Users/Kris/OneDrive - Marshall University/CIT 441 (Game Dev 2)/FPS_Clicker/FPS_Clicker/Saved/Autosaves/Game/GunStuff/Glock_17_bullet_02_Auto1.uasset'
[2019.04.10-05.14.49:572][331]OBJ SavePackage: Generating thumbnails for [1] asset(s) in package [/Game/GunStuff/bullet_02Mat] ([1] browsable assets)...
[2019.04.10-05.14.49:591][331]OBJ SavePackage:     Rendered thumbnail for [Material /Game/GunStuff/bullet_02Mat.bullet_02Mat]
[2019.04.10-05.14.49:591][331]OBJ SavePackage: Finished generating thumbnails for package [/Game/GunStuff/bullet_02Mat]
[2019.04.10-05.14.49:616][331]LogSavePackage: Moving '../../../../../Users/Kris/OneDrive - Marshall University/CIT 441 (Game Dev 2)/FPS_Clicker/FPS_Clicker/Saved/bullet_02Mat_Auto16E0FFE484B56673D1325E885748F0B18.tmp' to '../../../../../Users/Kris/OneDrive - Marshall University/CIT 441 (Game Dev 2)/FPS_Clicker/FPS_Clicker/Saved/Autosaves/Game/GunStuff/bullet_02Mat_Auto1.uasset'
[2019.04.10-05.14.49:623][331]OBJ SavePackage: Generating thumbnails for [1] asset(s) in package [/Game/GunStuff/Glock_17_frame] ([1] browsable assets)...
[2019.04.10-05.14.49:641][331]OBJ SavePackage:     Rendered thumbnail for [StaticMesh /Game/GunStuff/Glock_17_frame.Glock_17_frame]
[2019.04.10-05.14.49:641][331]OBJ SavePackage: Finished generating thumbnails for package [/Game/GunStuff/Glock_17_frame]
[2019.04.10-05.14.49:674][331]LogSavePackage: Moving '../../../../../Users/Kris/OneDrive - Marshall University/CIT 441 (Game Dev 2)/FPS_Clicker/FPS_Clicker/Saved/Glock_17_frame_Auto19AE3A0FF4B088AAA86A69C86BD0266F0.tmp' to '../../../../../Users/Kris/OneDrive - Marshall University/CIT 441 (Game Dev 2)/FPS_Clicker/FPS_Clicker/Saved/Autosaves/Game/GunStuff/Glock_17_frame_Auto1.uasset'
[2019.04.10-05.14.49:683][331]OBJ SavePackage: Generating thumbnails for [1] asset(s) in package [/Game/GunStuff/frameMat] ([1] browsable assets)...
[2019.04.10-05.14.49:700][331]OBJ SavePackage:     Rendered thumbnail for [Material /Game/GunStuff/frameMat.frameMat]
[2019.04.10-05.14.49:700][331]OBJ SavePackage: Finished generating thumbnails for package [/Game/GunStuff/frameMat]
[2019.04.10-05.14.49:728][331]LogSavePackage: Moving '../../../../../Users/Kris/OneDrive - Marshall University/CIT 441 (Game Dev 2)/FPS_Clicker/FPS_Clicker/Saved/frameMat_Auto11697505D44AD8F151B676BAC4A33B386.tmp' to '../../../../../Users/Kris/OneDrive - Marshall University/CIT 441 (Game Dev 2)/FPS_Clicker/FPS_Clicker/Saved/Autosaves/Game/GunStuff/frameMat_Auto1.uasset'
[2019.04.10-05.14.49:735][331]OBJ SavePackage: Generating thumbnails for [1] asset(s) in package [/Game/GunStuff/Glock_17_magazine] ([1] browsable assets)...
[2019.04.10-05.14.49:754][331]OBJ SavePackage:     Rendered thumbnail for [StaticMesh /Game/GunStuff/Glock_17_magazine.Glock_17_magazine]
[2019.04.10-05.14.49:754][331]OBJ SavePackage: Finished generating thumbnails for package [/Game/GunStuff/Glock_17_magazine]
[2019.04.10-05.14.49:785][331]LogSavePackage: Moving '../../../../../Users/Kris/OneDrive - Marshall University/CIT 441 (Game Dev 2)/FPS_Clicker/FPS_Clicker/Saved/Glock_17_magazine_Auto15403BE8240F9BD34D3B9A89C88F31EB9.tmp' to '../../../../../Users/Kris/OneDrive - Marshall University/CIT 441 (Game Dev 2)/FPS_Clicker/FPS_Clicker/Saved/Autosaves/Game/GunStuff/Glock_17_magazine_Auto1.uasset'
[2019.04.10-05.14.49:796][331]OBJ SavePackage: Generating thumbnails for [1] asset(s) in package [/Game/GunStuff/magazineMat] ([1] browsable assets)...
[2019.04.10-05.14.49:814][331]OBJ SavePackage:     Rendered thumbnail for [Material /Game/GunStuff/magazineMat.magazineMat]
[2019.04.10-05.14.49:814][331]OBJ SavePackage: Finished generating thumbnails for package [/Game/GunStuff/magazineMat]
[2019.04.10-05.14.49:839][331]LogSavePackage: Moving '../../../../../Users/Kris/OneDrive - Marshall University/CIT 441 (Game Dev 2)/FPS_Clicker/FPS_Clicker/Saved/magazineMat_Auto18B66E09C44989B629A7AA0B6A0BAF3C3.tmp' to '../../../../../Users/Kris/OneDrive - Marshall University/CIT 441 (Game Dev 2)/FPS_Clicker/FPS_Clicker/Saved/Autosaves/Game/GunStuff/magazineMat_Auto1.uasset'
[2019.04.10-05.14.49:848][331]OBJ SavePackage: Generating thumbnails for [1] asset(s) in package [/Game/GunStuff/Glock_17_slide] ([1] browsable assets)...
[2019.04.10-05.14.49:865][331]OBJ SavePackage:     Rendered thumbnail for [StaticMesh /Game/GunStuff/Glock_17_slide.Glock_17_slide]
[2019.04.10-05.14.49:865][331]OBJ SavePackage: Finished generating thumbnails for package [/Game/GunStuff/Glock_17_slide]
[2019.04.10-05.14.49:886][331]LogSavePackage: Moving '../../../../../Users/Kris/OneDrive - Marshall University/CIT 441 (Game Dev 2)/FPS_Clicker/FPS_Clicker/Saved/Glock_17_slide_Auto1AFB36E154A618895CA21C1B9FD2E1843.tmp' to '../../../../../Users/Kris/OneDrive - Marshall University/CIT 441 (Game Dev 2)/FPS_Clicker/FPS_Clicker/Saved/Autosaves/Game/GunStuff/Glock_17_slide_Auto1.uasset'
[2019.04.10-05.14.49:894][331]OBJ SavePackage: Generating thumbnails for [1] asset(s) in package [/Game/GunStuff/slideMat] ([1] browsable assets)...
[2019.04.10-05.14.49:910][331]OBJ SavePackage:     Rendered thumbnail for [Material /Game/GunStuff/slideMat.slideMat]
[2019.04.10-05.14.49:910][331]OBJ SavePackage: Finished generating thumbnails for package [/Game/GunStuff/slideMat]
[2019.04.10-05.14.49:959][331]LogSavePackage: Moving '../../../../../Users/Kris/OneDrive - Marshall University/CIT 441 (Game Dev 2)/FPS_Clicker/FPS_Clicker/Saved/slideMat_Auto19DFA9F8C446BE7DF18DFB2AA6500D49F.tmp' to '../../../../../Users/Kris/OneDrive - Marshall University/CIT 441 (Game Dev 2)/FPS_Clicker/FPS_Clicker/Saved/Autosaves/Game/GunStuff/slideMat_Auto1.uasset'
[2019.04.10-05.14.49:966][331]OBJ SavePackage: Generating thumbnails for [1] asset(s) in package [/Game/GunStuff/Glock_17_trigger] ([1] browsable assets)...
[2019.04.10-05.14.49:982][331]OBJ SavePackage:     Rendered thumbnail for [StaticMesh /Game/GunStuff/Glock_17_trigger.Glock_17_trigger]
[2019.04.10-05.14.49:982][331]OBJ SavePackage: Finished generating thumbnails for package [/Game/GunStuff/Glock_17_trigger]
[2019.04.10-05.14.50:003][331]LogSavePackage: Moving '../../../../../Users/Kris/OneDrive - Marshall University/CIT 441 (Game Dev 2)/FPS_Clicker/FPS_Clicker/Saved/Glock_17_trigger_Auto19C4B37394488305BAE37C293B3E00F58.tmp' to '../../../../../Users/Kris/OneDrive - Marshall University/CIT 441 (Game Dev 2)/FPS_Clicker/FPS_Clicker/Saved/Autosaves/Game/GunStuff/Glock_17_trigger_Auto1.uasset'
[2019.04.10-05.14.50:013][331]OBJ SavePackage: Generating thumbnails for [1] asset(s) in package [/Game/GunStuff/triggerMat] ([1] browsable assets)...
[2019.04.10-05.14.50:029][331]OBJ SavePackage:     Rendered thumbnail for [Material /Game/GunStuff/triggerMat.triggerMat]
[2019.04.10-05.14.50:029][331]OBJ SavePackage: Finished generating thumbnails for package [/Game/GunStuff/triggerMat]
[2019.04.10-05.14.50:048][331]LogSavePackage: Moving '../../../../../Users/Kris/OneDrive - Marshall University/CIT 441 (Game Dev 2)/FPS_Clicker/FPS_Clicker/Saved/triggerMat_Auto14D2A0C124F85423271FD56A3C2BE4E81.tmp' to '../../../../../Users/Kris/OneDrive - Marshall University/CIT 441 (Game Dev 2)/FPS_Clicker/FPS_Clicker/Saved/Autosaves/Game/GunStuff/triggerMat_Auto1.uasset'
[2019.04.10-05.14.50:053][331]LogFileHelpers: Auto-saving content packages took 1.317
[2019.04.10-05.17.40:959][258]LogSlate: FSceneViewport::OnFocusLost() reason 2
[2019.04.10-05.17.42:692][258]LogSlate: Window 'Save Level As' being destroyed
[2019.04.10-05.17.51:018][235]LogSlate: FSceneViewport::OnFocusLost() reason 0
[2019.04.10-05.18.00:941][357]LogSlate: FSceneViewport::OnFocusLost() reason 0
[2019.04.10-05.18.01:032][368]LogTemp: Repeating last play command: Selected Viewport
[2019.04.10-05.18.01:054][368]LogPlayLevel: PlayLevel: No blueprints needed recompiling
[2019.04.10-05.18.01:067][368]PIE: New page: PIE session: Untitled_1 (Apr 9, 2019, 9:18:01 PM)
[2019.04.10-05.18.01:067][368]LogPlayLevel: Creating play world package: /Temp/UEDPIE_0_Untitled_1
[2019.04.10-05.18.01:071][368]LogPlayLevel: PIE: StaticDuplicateObject took: (0.003901s)
[2019.04.10-05.18.01:072][368]LogAIModule: Creating AISystem for world Untitled_1
[2019.04.10-05.18.01:072][368]LogPlayLevel: PIE: World Init took: (0.001021s)
[2019.04.10-05.18.01:072][368]LogPlayLevel: PIE: Created PIE world by copying editor world from /Temp/Untitled_1.Untitled_1 to /Temp/UEDPIE_0_Untitled_1.Untitled_1 (0.005087s)
[2019.04.10-05.18.01:113][368]LogInit: XAudio2 using 'Headset Earphone (HyperX Virtual Surround Sound)' : 2 channels at 44.1 kHz using 16 bits per sample (channel mask 0x3)
[2019.04.10-05.18.01:126][368]LogInit: FAudioDevice initialized.
[2019.04.10-05.18.01:172][368]LogLoad: Game class is 'GameModeBase'
[2019.04.10-05.18.01:174][368]LogWorld: Bringing World /Temp/UEDPIE_0_Untitled_1.Untitled_1 up for play (max tick rate 0) at 2019.04.10-01.18.01
[2019.04.10-05.18.01:174][368]LogWorld: Bringing up level for play took: 0.000756
[2019.04.10-05.18.01:210][368]LogContentBrowser: Native class hierarchy updated for 'MovieSceneCapture' in 0.0005 seconds. Added 10 classes and 0 folders.
[2019.04.10-05.18.01:212][368]PIE: Play in editor start time for /Temp/UEDPIE_0_Untitled_1 -0.656
[2019.04.10-05.18.03:331][613]LogSlate: Updating window title bar state: overlay mode, drag disabled, window buttons hidden, title bar hidden
[2019.04.10-05.18.03:369][613]LogPlayLevel: Display: Shutting down PIE online subsystems
[2019.04.10-05.18.03:403][613]LogSlate: Updating window title bar state: overlay mode, drag disabled, window buttons hidden, title bar hidden
[2019.04.10-05.18.03:432][615]LogPlayLevel: Display: Destroying online subsystem :Context_21
[2019.04.10-05.18.05:341][839]LogSlate: FSceneViewport::OnFocusLost() reason 0
[2019.04.10-05.18.12:907][520]LogSlate: Window 'Pick Parent Class' being destroyed
[2019.04.10-05.18.27:527][237]LogSlate: Prevented a slow task dialog from being summoned while a context menu was open
[2019.04.10-05.18.35:319][156]BlueprintLog: New page: Compile FPSClicker_GM
[2019.04.10-05.18.43:881][141]LogSlate: Prevented a slow task dialog from being summoned while a context menu was open
[2019.04.10-05.18.48:116][622]LogTemp: Repeating last play command: Selected Viewport
[2019.04.10-05.18.48:137][622]LogPlayLevel: PlayLevel: No blueprints needed recompiling
[2019.04.10-05.18.48:137][622]PIE: New page: PIE session: Untitled_1 (Apr 9, 2019, 9:18:48 PM)
[2019.04.10-05.18.48:137][622]LogPlayLevel: Creating play world package: /Temp/UEDPIE_0_Untitled_1
[2019.04.10-05.18.48:139][622]LogPlayLevel: PIE: StaticDuplicateObject took: (0.002385s)
[2019.04.10-05.18.48:140][622]LogAIModule: Creating AISystem for world Untitled_1
[2019.04.10-05.18.48:140][622]LogPlayLevel: PIE: World Init took: (0.000793s)
[2019.04.10-05.18.48:140][622]LogPlayLevel: PIE: Created PIE world by copying editor world from /Temp/Untitled_1.Untitled_1 to /Temp/UEDPIE_0_Untitled_1.Untitled_1 (0.003317s)
[2019.04.10-05.18.48:178][622]LogInit: XAudio2 using 'Headset Earphone (HyperX Virtual Surround Sound)' : 2 channels at 44.1 kHz using 16 bits per sample (channel mask 0x3)
[2019.04.10-05.18.48:191][622]LogInit: FAudioDevice initialized.
[2019.04.10-05.18.48:223][622]LogLoad: Game class is 'FPSClicker_GM_C'
[2019.04.10-05.18.48:224][622]LogWorld: Bringing World /Temp/UEDPIE_0_Untitled_1.Untitled_1 up for play (max tick rate 0) at 2019.04.10-01.18.48
[2019.04.10-05.18.48:224][622]LogWorld: Bringing up level for play took: 0.000545
[2019.04.10-05.18.48:237][622]PIE: Play in editor start time for /Temp/UEDPIE_0_Untitled_1 0.37
[2019.04.10-05.18.53:665][265]LogSlate: Updating window title bar state: overlay mode, drag disabled, window buttons hidden, title bar hidden
[2019.04.10-05.18.53:701][265]LogPlayLevel: Display: Shutting down PIE online subsystems
[2019.04.10-05.18.53:735][265]LogSlate: Updating window title bar state: overlay mode, drag disabled, window buttons hidden, title bar hidden
[2019.04.10-05.18.53:768][267]LogPlayLevel: Display: Destroying online subsystem :Context_22
[2019.04.10-05.18.55:049][416]LogSlate: FSceneViewport::OnFocusLost() reason 0
[2019.04.10-05.19.07:661][573]BlueprintLog: New page: Compile FPSClicker_PlayerPawn
[2019.04.10-05.19.09:270][720]LogTemp: Repeating last play command: Selected Viewport
[2019.04.10-05.19.09:289][720]LogPlayLevel: PlayLevel: No blueprints needed recompiling
[2019.04.10-05.19.09:289][720]PIE: New page: PIE session: Untitled_1 (Apr 9, 2019, 9:19:09 PM)
[2019.04.10-05.19.09:289][720]LogPlayLevel: Creating play world package: /Temp/UEDPIE_0_Untitled_1
[2019.04.10-05.19.09:292][720]LogPlayLevel: PIE: StaticDuplicateObject took: (0.002227s)
[2019.04.10-05.19.09:292][720]LogAIModule: Creating AISystem for world Untitled_1
[2019.04.10-05.19.09:293][720]LogPlayLevel: PIE: World Init took: (0.001060s)
[2019.04.10-05.19.09:293][720]LogPlayLevel: PIE: Created PIE world by copying editor world from /Temp/Untitled_1.Untitled_1 to /Temp/UEDPIE_0_Untitled_1.Untitled_1 (0.003424s)
[2019.04.10-05.19.09:334][720]LogInit: XAudio2 using 'Headset Earphone (HyperX Virtual Surround Sound)' : 2 channels at 44.1 kHz using 16 bits per sample (channel mask 0x3)
[2019.04.10-05.19.09:346][720]LogInit: FAudioDevice initialized.
[2019.04.10-05.19.09:376][720]LogLoad: Game class is 'FPSClicker_GM_C'
[2019.04.10-05.19.09:377][720]LogWorld: Bringing World /Temp/UEDPIE_0_Untitled_1.Untitled_1 up for play (max tick rate 0) at 2019.04.10-01.19.09
[2019.04.10-05.19.09:377][720]LogWorld: Bringing up level for play took: 0.000507
[2019.04.10-05.19.09:390][720]PIE: Play in editor start time for /Temp/UEDPIE_0_Untitled_1 -0.477
[2019.04.10-05.19.21:682][179]LogSlate: Updating window title bar state: overlay mode, drag disabled, window buttons hidden, title bar hidden
[2019.04.10-05.19.21:715][179]LogPlayLevel: Display: Shutting down PIE online subsystems
[2019.04.10-05.19.21:750][179]LogSlate: Updating window title bar state: overlay mode, drag disabled, window buttons hidden, title bar hidden
[2019.04.10-05.19.21:787][182]LogPlayLevel: Display: Destroying online subsystem :Context_23
[2019.04.10-05.19.22:628][279]LogSlate: FSceneViewport::OnFocusLost() reason 0
[2019.04.10-05.19.39:051][216]LogTemp: Repeating last play command: Selected Viewport
[2019.04.10-05.19.39:072][216]LogPlayLevel: PlayLevel: No blueprints needed recompiling
[2019.04.10-05.19.39:073][216]PIE: New page: PIE session: Untitled_1 (Apr 9, 2019, 9:19:39 PM)
[2019.04.10-05.19.39:073][216]LogPlayLevel: Creating play world package: /Temp/UEDPIE_0_Untitled_1
[2019.04.10-05.19.39:075][216]LogPlayLevel: PIE: StaticDuplicateObject took: (0.002172s)
[2019.04.10-05.19.39:076][216]LogAIModule: Creating AISystem for world Untitled_1
[2019.04.10-05.19.39:076][216]LogPlayLevel: PIE: World Init took: (0.000838s)
[2019.04.10-05.19.39:076][216]LogPlayLevel: PIE: Created PIE world by copying editor world from /Temp/Untitled_1.Untitled_1 to /Temp/UEDPIE_0_Untitled_1.Untitled_1 (0.003153s)
[2019.04.10-05.19.39:114][216]LogInit: XAudio2 using 'Headset Earphone (HyperX Virtual Surround Sound)' : 2 channels at 44.1 kHz using 16 bits per sample (channel mask 0x3)
[2019.04.10-05.19.39:126][216]LogInit: FAudioDevice initialized.
[2019.04.10-05.19.39:163][216]LogLoad: Game class is 'FPSClicker_GM_C'
[2019.04.10-05.19.39:165][216]LogWorld: Bringing World /Temp/UEDPIE_0_Untitled_1.Untitled_1 up for play (max tick rate 0) at 2019.04.10-01.19.39
[2019.04.10-05.19.39:165][216]LogWorld: Bringing up level for play took: 0.000676
[2019.04.10-05.19.39:178][216]PIE: Play in editor start time for /Temp/UEDPIE_0_Untitled_1 -0.69
[2019.04.10-05.19.48:804][357]LogSlate: Updating window title bar state: overlay mode, drag disabled, window buttons hidden, title bar hidden
[2019.04.10-05.19.48:840][357]LogPlayLevel: Display: Shutting down PIE online subsystems
[2019.04.10-05.19.48:872][357]LogSlate: Updating window title bar state: overlay mode, drag disabled, window buttons hidden, title bar hidden
[2019.04.10-05.19.48:911][360]LogPlayLevel: Display: Destroying online subsystem :Context_24
[2019.04.10-05.19.51:458][664]LogSlate: FSceneViewport::OnFocusLost() reason 0
[2019.04.10-05.19.57:016][673]LogSlate: Window 'Save Level As' being destroyed
[2019.04.10-05.19.57:562][673]LogSavePackage: Moving '../../../../../Users/Kris/OneDrive - Marshall University/CIT 441 (Game Dev 2)/FPS_Clicker/FPS_Clicker/Saved/TestMapF78B46A2498AFB44740675B2A00F2603.tmp' to '../../../../../Users/Kris/OneDrive - Marshall University/CIT 441 (Game Dev 2)/FPS_Clicker/FPS_Clicker/Content/Maps/TestMap.umap'
[2019.04.10-05.19.57:675][673]LogSavePackage: Moving '../../../../../Users/Kris/OneDrive - Marshall University/CIT 441 (Game Dev 2)/FPS_Clicker/FPS_Clicker/Saved/TestMap_BuiltData0A4E788149BE378FF712D798DC874950.tmp' to '../../../../../Users/Kris/OneDrive - Marshall University/CIT 441 (Game Dev 2)/FPS_Clicker/FPS_Clicker/Content/Maps/TestMap_BuiltData.uasset'
[2019.04.10-05.19.57:690][673]LogFileHelpers: Saving map 'TestMap' took 0.665
[2019.04.10-05.20.00:070][936]LogSavePackage: Moving '../../../../../Users/Kris/OneDrive - Marshall University/CIT 441 (Game Dev 2)/FPS_Clicker/FPS_Clicker/Saved/TestMap1BC3ED354AFBDB6B68736EB47954C995.tmp' to '../../../../../Users/Kris/OneDrive - Marshall University/CIT 441 (Game Dev 2)/FPS_Clicker/FPS_Clicker/Content/Maps/TestMap.umap'
[2019.04.10-05.20.00:363][936]LogSavePackage: Moving '../../../../../Users/Kris/OneDrive - Marshall University/CIT 441 (Game Dev 2)/FPS_Clicker/FPS_Clicker/Saved/TestMap_BuiltData59D411924116CA562587B2AE099D2F80.tmp' to '../../../../../Users/Kris/OneDrive - Marshall University/CIT 441 (Game Dev 2)/FPS_Clicker/FPS_Clicker/Content/Maps/TestMap_BuiltData.uasset'
[2019.04.10-05.20.01:832][ 96]LogSavePackage: Moving '../../../../../Users/Kris/OneDrive - Marshall University/CIT 441 (Game Dev 2)/FPS_Clicker/FPS_Clicker/Saved/default9E1502D34C8D71CC09113BA728D8904F.tmp' to '../../../../../Users/Kris/OneDrive - Marshall University/CIT 441 (Game Dev 2)/FPS_Clicker/FPS_Clicker/Content/GunStuff/default.uasset'
[2019.04.10-05.20.01:853][ 96]LogSavePackage: Moving '../../../../../Users/Kris/OneDrive - Marshall University/CIT 441 (Game Dev 2)/FPS_Clicker/FPS_Clicker/Saved/Glock_17_frame_Skeleton050E139A47E9F3024B88E1AE0DBE6B22.tmp' to '../../../../../Users/Kris/OneDrive - Marshall University/CIT 441 (Game Dev 2)/FPS_Clicker/FPS_Clicker/Content/GunStuff/Glock_17_frame_Skeleton.uasset'
[2019.04.10-05.20.01:874][ 96]LogSavePackage: Moving '../../../../../Users/Kris/OneDrive - Marshall University/CIT 441 (Game Dev 2)/FPS_Clicker/FPS_Clicker/Saved/Glock_17_frame_PhysicsAssetF9D5A9644A8165BE1E84AF81F9D0D323.tmp' to '../../../../../Users/Kris/OneDrive - Marshall University/CIT 441 (Game Dev 2)/FPS_Clicker/FPS_Clicker/Content/GunStuff/Glock_17_frame_PhysicsAsset.uasset'
[2019.04.10-05.20.01:893][ 96]LogSavePackage: Moving '../../../../../Users/Kris/OneDrive - Marshall University/CIT 441 (Game Dev 2)/FPS_Clicker/FPS_Clicker/Saved/Glock_17_trigger_SkeletonB1B6545C4E59492134B1E8A2826F01A3.tmp' to '../../../../../Users/Kris/OneDrive - Marshall University/CIT 441 (Game Dev 2)/FPS_Clicker/FPS_Clicker/Content/GunStuff/Glock_17_trigger_Skeleton.uasset'
[2019.04.10-05.20.01:944][ 96]LogSavePackage: Moving '../../../../../Users/Kris/OneDrive - Marshall University/CIT 441 (Game Dev 2)/FPS_Clicker/FPS_Clicker/Saved/Glock_17_trigger_PhysicsAssetDF6FDCD9484A47C4A7CAA4848DC5FF8C.tmp' to '../../../../../Users/Kris/OneDrive - Marshall University/CIT 441 (Game Dev 2)/FPS_Clicker/FPS_Clicker/Content/GunStuff/Glock_17_trigger_PhysicsAsset.uasset'
[2019.04.10-05.20.01:963][ 96]LogSavePackage: Moving '../../../../../Users/Kris/OneDrive - Marshall University/CIT 441 (Game Dev 2)/FPS_Clicker/FPS_Clicker/Saved/Glock_17_slide_Skeleton4CC2A0F9423A4FC1E0D650BBB72B7B3C.tmp' to '../../../../../Users/Kris/OneDrive - Marshall University/CIT 441 (Game Dev 2)/FPS_Clicker/FPS_Clicker/Content/GunStuff/Glock_17_slide_Skeleton.uasset'
[2019.04.10-05.20.01:983][ 96]LogSavePackage: Moving '../../../../../Users/Kris/OneDrive - Marshall University/CIT 441 (Game Dev 2)/FPS_Clicker/FPS_Clicker/Saved/Glock_17_slide_PhysicsAsset0FC9DC6946C16970F29FE9A8ECD15950.tmp' to '../../../../../Users/Kris/OneDrive - Marshall University/CIT 441 (Game Dev 2)/FPS_Clicker/FPS_Clicker/Content/GunStuff/Glock_17_slide_PhysicsAsset.uasset'
[2019.04.10-05.20.02:001][ 96]LogSavePackage: Moving '../../../../../Users/Kris/OneDrive - Marshall University/CIT 441 (Game Dev 2)/FPS_Clicker/FPS_Clicker/Saved/Glock_17_magazine_SkeletonED0A55D74C5A391C3B619B8119DEDAE5.tmp' to '../../../../../Users/Kris/OneDrive - Marshall University/CIT 441 (Game Dev 2)/FPS_Clicker/FPS_Clicker/Content/GunStuff/Glock_17_magazine_Skeleton.uasset'
[2019.04.10-05.20.02:023][ 96]LogSavePackage: Moving '../../../../../Users/Kris/OneDrive - Marshall University/CIT 441 (Game Dev 2)/FPS_Clicker/FPS_Clicker/Saved/Glock_17_magazine_PhysicsAssetD9804A03467ED48A2A480EA8171F3C56.tmp' to '../../../../../Users/Kris/OneDrive - Marshall University/CIT 441 (Game Dev 2)/FPS_Clicker/FPS_Clicker/Content/GunStuff/Glock_17_magazine_PhysicsAsset.uasset'
[2019.04.10-05.20.02:042][ 96]LogSavePackage: Moving '../../../../../Users/Kris/OneDrive - Marshall University/CIT 441 (Game Dev 2)/FPS_Clicker/FPS_Clicker/Saved/Glock_17_bullet_01_Skeleton3E80A3BD4D03B0DF90386B8BE560F098.tmp' to '../../../../../Users/Kris/OneDrive - Marshall University/CIT 441 (Game Dev 2)/FPS_Clicker/FPS_Clicker/Content/GunStuff/Glock_17_bullet_01_Skeleton.uasset'
[2019.04.10-05.20.02:061][ 96]LogSavePackage: Moving '../../../../../Users/Kris/OneDrive - Marshall University/CIT 441 (Game Dev 2)/FPS_Clicker/FPS_Clicker/Saved/Glock_17_bullet_01_PhysicsAsset884984884EB6464A29D3C3852E7CB3C4.tmp' to '../../../../../Users/Kris/OneDrive - Marshall University/CIT 441 (Game Dev 2)/FPS_Clicker/FPS_Clicker/Content/GunStuff/Glock_17_bullet_01_PhysicsAsset.uasset'
[2019.04.10-05.20.02:080][ 96]LogSavePackage: Moving '../../../../../Users/Kris/OneDrive - Marshall University/CIT 441 (Game Dev 2)/FPS_Clicker/FPS_Clicker/Saved/Glock_17_bullet_02_Skeleton3581DF164C580AA84AC1599D5EBB940E.tmp' to '../../../../../Users/Kris/OneDrive - Marshall University/CIT 441 (Game Dev 2)/FPS_Clicker/FPS_Clicker/Content/GunStuff/Glock_17_bullet_02_Skeleton.uasset'
[2019.04.10-05.20.02:100][ 96]LogSavePackage: Moving '../../../../../Users/Kris/OneDrive - Marshall University/CIT 441 (Game Dev 2)/FPS_Clicker/FPS_Clicker/Saved/Glock_17_bullet_02_PhysicsAssetA6FA725F4E19D16C34A9C8AE1A54C09D.tmp' to '../../../../../Users/Kris/OneDrive - Marshall University/CIT 441 (Game Dev 2)/FPS_Clicker/FPS_Clicker/Content/GunStuff/Glock_17_bullet_02_PhysicsAsset.uasset'
[2019.04.10-05.20.02:119][ 96]LogSavePackage: Moving '../../../../../Users/Kris/OneDrive - Marshall University/CIT 441 (Game Dev 2)/FPS_Clicker/FPS_Clicker/Saved/Glock_17_bullet_Skeleton2A936B9541417AB1ABA9DEAA356D5701.tmp' to '../../../../../Users/Kris/OneDrive - Marshall University/CIT 441 (Game Dev 2)/FPS_Clicker/FPS_Clicker/Content/GunStuff/Glock_17_bullet_Skeleton.uasset'
[2019.04.10-05.20.02:138][ 96]LogSavePackage: Moving '../../../../../Users/Kris/OneDrive - Marshall University/CIT 441 (Game Dev 2)/FPS_Clicker/FPS_Clicker/Saved/Glock_17_bullet_PhysicsAssetF69734E94D5334D46B8ECEA985375904.tmp' to '../../../../../Users/Kris/OneDrive - Marshall University/CIT 441 (Game Dev 2)/FPS_Clicker/FPS_Clicker/Content/GunStuff/Glock_17_bullet_PhysicsAsset.uasset'
[2019.04.10-05.20.02:161][ 96]LogSavePackage: Moving '../../../../../Users/Kris/OneDrive - Marshall University/CIT 441 (Game Dev 2)/FPS_Clicker/FPS_Clicker/Saved/Glock_17_bulletEC98390E4F66FE0800320D8F26C4E72E.tmp' to '../../../../../Users/Kris/OneDrive - Marshall University/CIT 441 (Game Dev 2)/FPS_Clicker/FPS_Clicker/Content/GunStuff/Glock_17_bullet.uasset'
[2019.04.10-05.20.02:182][ 96]LogSavePackage: Moving '../../../../../Users/Kris/OneDrive - Marshall University/CIT 441 (Game Dev 2)/FPS_Clicker/FPS_Clicker/Saved/bulletMat0411B3C54C54581D1364E28A65959C75.tmp' to '../../../../../Users/Kris/OneDrive - Marshall University/CIT 441 (Game Dev 2)/FPS_Clicker/FPS_Clicker/Content/GunStuff/bulletMat.uasset'
[2019.04.10-05.20.02:205][ 96]LogSavePackage: Moving '../../../../../Users/Kris/OneDrive - Marshall University/CIT 441 (Game Dev 2)/FPS_Clicker/FPS_Clicker/Saved/Glock_17_bullet_0139CD3032414A359FB8D62AA38F8EBD67.tmp' to '../../../../../Users/Kris/OneDrive - Marshall University/CIT 441 (Game Dev 2)/FPS_Clicker/FPS_Clicker/Content/GunStuff/Glock_17_bullet_01.uasset'
[2019.04.10-05.20.02:225][ 96]LogSavePackage: Moving '../../../../../Users/Kris/OneDrive - Marshall University/CIT 441 (Game Dev 2)/FPS_Clicker/FPS_Clicker/Saved/bullet_01Mat5F83BE2946F6DFBC50CF4CAE1855E3B5.tmp' to '../../../../../Users/Kris/OneDrive - Marshall University/CIT 441 (Game Dev 2)/FPS_Clicker/FPS_Clicker/Content/GunStuff/bullet_01Mat.uasset'
[2019.04.10-05.20.02:247][ 96]LogSavePackage: Moving '../../../../../Users/Kris/OneDrive - Marshall University/CIT 441 (Game Dev 2)/FPS_Clicker/FPS_Clicker/Saved/Glock_17_bullet_02C354F6174793A97059E0C69E88C7C196.tmp' to '../../../../../Users/Kris/OneDrive - Marshall University/CIT 441 (Game Dev 2)/FPS_Clicker/FPS_Clicker/Content/GunStuff/Glock_17_bullet_02.uasset'
[2019.04.10-05.20.02:268][ 96]LogSavePackage: Moving '../../../../../Users/Kris/OneDrive - Marshall University/CIT 441 (Game Dev 2)/FPS_Clicker/FPS_Clicker/Saved/bullet_02Mat210DA2DD4580155DD1623DA6151E7DE3.tmp' to '../../../../../Users/Kris/OneDrive - Marshall University/CIT 441 (Game Dev 2)/FPS_Clicker/FPS_Clicker/Content/GunStuff/bullet_02Mat.uasset'
[2019.04.10-05.20.02:291][ 96]LogSavePackage: Moving '../../../../../Users/Kris/OneDrive - Marshall University/CIT 441 (Game Dev 2)/FPS_Clicker/FPS_Clicker/Saved/Glock_17_frame4F2A2A5349ED53B2FD770186FEAAC08D.tmp' to '../../../../../Users/Kris/OneDrive - Marshall University/CIT 441 (Game Dev 2)/FPS_Clicker/FPS_Clicker/Content/GunStuff/Glock_17_frame.uasset'
[2019.04.10-05.20.02:311][ 96]LogSavePackage: Moving '../../../../../Users/Kris/OneDrive - Marshall University/CIT 441 (Game Dev 2)/FPS_Clicker/FPS_Clicker/Saved/frameMat702EE49C4B19F05F5FCB6FB2997F6C91.tmp' to '../../../../../Users/Kris/OneDrive - Marshall University/CIT 441 (Game Dev 2)/FPS_Clicker/FPS_Clicker/Content/GunStuff/frameMat.uasset'
[2019.04.10-05.20.02:333][ 96]LogSavePackage: Moving '../../../../../Users/Kris/OneDrive - Marshall University/CIT 441 (Game Dev 2)/FPS_Clicker/FPS_Clicker/Saved/Glock_17_magazineDA9F87324946CDE90FA5299DF17713FF.tmp' to '../../../../../Users/Kris/OneDrive - Marshall University/CIT 441 (Game Dev 2)/FPS_Clicker/FPS_Clicker/Content/GunStuff/Glock_17_magazine.uasset'
[2019.04.10-05.20.02:354][ 96]LogSavePackage: Moving '../../../../../Users/Kris/OneDrive - Marshall University/CIT 441 (Game Dev 2)/FPS_Clicker/FPS_Clicker/Saved/magazineMat26E1FE1C48E7A80FDF7A2794CD59D83C.tmp' to '../../../../../Users/Kris/OneDrive - Marshall University/CIT 441 (Game Dev 2)/FPS_Clicker/FPS_Clicker/Content/GunStuff/magazineMat.uasset'
[2019.04.10-05.20.02:378][ 96]LogSavePackage: Moving '../../../../../Users/Kris/OneDrive - Marshall University/CIT 441 (Game Dev 2)/FPS_Clicker/FPS_Clicker/Saved/Glock_17_slide3D7C15B74D1126ED4D0E8989570D1311.tmp' to '../../../../../Users/Kris/OneDrive - Marshall University/CIT 441 (Game Dev 2)/FPS_Clicker/FPS_Clicker/Content/GunStuff/Glock_17_slide.uasset'
[2019.04.10-05.20.02:398][ 96]LogSavePackage: Moving '../../../../../Users/Kris/OneDrive - Marshall University/CIT 441 (Game Dev 2)/FPS_Clicker/FPS_Clicker/Saved/slideMat4227E40A49175B8F027933B8FFCDAE7C.tmp' to '../../../../../Users/Kris/OneDrive - Marshall University/CIT 441 (Game Dev 2)/FPS_Clicker/FPS_Clicker/Content/GunStuff/slideMat.uasset'
[2019.04.10-05.20.02:421][ 96]LogSavePackage: Moving '../../../../../Users/Kris/OneDrive - Marshall University/CIT 441 (Game Dev 2)/FPS_Clicker/FPS_Clicker/Saved/Glock_17_trigger865A01EF48EA02FD9EDDD99C8C8A7AD5.tmp' to '../../../../../Users/Kris/OneDrive - Marshall University/CIT 441 (Game Dev 2)/FPS_Clicker/FPS_Clicker/Content/GunStuff/Glock_17_trigger.uasset'
[2019.04.10-05.20.02:442][ 96]LogSavePackage: Moving '../../../../../Users/Kris/OneDrive - Marshall University/CIT 441 (Game Dev 2)/FPS_Clicker/FPS_Clicker/Saved/triggerMatAFB447EA4CB8E75A33349196E925B272.tmp' to '../../../../../Users/Kris/OneDrive - Marshall University/CIT 441 (Game Dev 2)/FPS_Clicker/FPS_Clicker/Content/GunStuff/triggerMat.uasset'
[2019.04.10-05.20.02:556][ 96]LogSavePackage: Moving '../../../../../Users/Kris/OneDrive - Marshall University/CIT 441 (Game Dev 2)/FPS_Clicker/FPS_Clicker/Saved/FPSClicker_PlayerPawn46CEC94A41606DBB4CD52DB7221CA583.tmp' to '../../../../../Users/Kris/OneDrive - Marshall University/CIT 441 (Game Dev 2)/FPS_Clicker/FPS_Clicker/Content/Player/FPSClicker_PlayerPawn.uasset'
[2019.04.10-05.20.02:634][ 96]LogSavePackage: Moving '../../../../../Users/Kris/OneDrive - Marshall University/CIT 441 (Game Dev 2)/FPS_Clicker/FPS_Clicker/Saved/FPSClicker_GMCAE4E8A9461DD09925DFDCBD94C547B8.tmp' to '../../../../../Users/Kris/OneDrive - Marshall University/CIT 441 (Game Dev 2)/FPS_Clicker/FPS_Clicker/Content/Player/FPSClicker_GM.uasset'
[2019.04.10-05.20.02:661][ 96]LogSavePackage: Moving '../../../../../Users/Kris/OneDrive - Marshall University/CIT 441 (Game Dev 2)/FPS_Clicker/FPS_Clicker/Saved/FPSClicker_PC2DDC07564139A3ED86F3F29C475BEB6A.tmp' to '../../../../../Users/Kris/OneDrive - Marshall University/CIT 441 (Game Dev 2)/FPS_Clicker/FPS_Clicker/Content/Player/FPSClicker_PC.uasset'
